

Started GET "/images" for 127.0.0.1 at 2011-05-04 13:41:48 +0600

ActionController::RoutingError (No route matches "/images"):
  

Rendered C:/Ruby192/lib/ruby/gems/1.9.1/gems/actionpack-3.0.7/lib/action_dispatch/middleware/templates/rescues/routing_error.erb within rescues/layout (0.0ms)


Started GET "/portfolios" for 127.0.0.1 at 2011-05-04 13:42:26 +0600
  Processing by PortfoliosController#index as HTML
  [1m[36mPortfolio Load (15.6ms)[0m  [1mSELECT "portfolios".* FROM "portfolios"[0m
SQLite3::SQLException: no such table: portfolios: SELECT "portfolios".* FROM "portfolios"
Completed   in 2125ms

ActiveRecord::StatementInvalid (SQLite3::SQLException: no such table: portfolios: SELECT "portfolios".* FROM "portfolios"):
  app/controllers/portfolios_controller.rb:5:in `index'

Rendered C:/Ruby192/lib/ruby/gems/1.9.1/gems/actionpack-3.0.7/lib/action_dispatch/middleware/templates/rescues/_trace.erb (15.6ms)
Rendered C:/Ruby192/lib/ruby/gems/1.9.1/gems/actionpack-3.0.7/lib/action_dispatch/middleware/templates/rescues/_request_and_response.erb (0.0ms)
Rendered C:/Ruby192/lib/ruby/gems/1.9.1/gems/actionpack-3.0.7/lib/action_dispatch/middleware/templates/rescues/diagnostics.erb within rescues/layout (203.1ms)
  [1m[36mSQL (0.0ms)[0m  [1m SELECT name
 FROM sqlite_master
 WHERE type = 'table' AND NOT name = 'sqlite_sequence'
[0m
  [1m[35mSQL (0.0ms)[0m  select sqlite_version(*)
  [1m[36mSQL (46.9ms)[0m  [1mCREATE TABLE "schema_migrations" ("version" varchar(255) NOT NULL) [0m
  [1m[35mSQL (0.0ms)[0m  PRAGMA index_list("schema_migrations")
  [1m[36mSQL (62.5ms)[0m  [1mCREATE UNIQUE INDEX "unique_schema_migrations" ON "schema_migrations" ("version")[0m
  [1m[35mSQL (0.0ms)[0m   SELECT name
 FROM sqlite_master
 WHERE type = 'table' AND NOT name = 'sqlite_sequence'
  [1m[36mSQL (0.0ms)[0m  [1m SELECT name
 FROM sqlite_master
 WHERE type = 'table' AND NOT name = 'sqlite_sequence'
[0m
  [1m[35mSQL (0.0ms)[0m  SELECT "schema_migrations"."version" FROM "schema_migrations"
Migrating to CreatePortfolios (20110504073103)
  [1m[36mSQL (0.0ms)[0m  [1mCREATE TABLE "portfolios" ("id" INTEGER PRIMARY KEY AUTOINCREMENT NOT NULL, "name" varchar(255), "created_at" datetime, "updated_at" datetime) [0m
  [1m[35mSQL (0.0ms)[0m  INSERT INTO "schema_migrations" ("version") VALUES ('20110504073103')
  [1m[36mSQL (0.0ms)[0m  [1m SELECT name
 FROM sqlite_master
 WHERE type = 'table' AND NOT name = 'sqlite_sequence'
[0m
  [1m[35mSQL (0.0ms)[0m  SELECT "schema_migrations"."version" FROM "schema_migrations"
  [1m[36mSQL (0.0ms)[0m  [1m SELECT name
 FROM sqlite_master
 WHERE type = 'table' AND NOT name = 'sqlite_sequence'
[0m
  [1m[35mSQL (0.0ms)[0m  PRAGMA index_list("portfolios")


Started GET "/portfolios" for 127.0.0.1 at 2011-05-04 13:44:29 +0600
  Processing by PortfoliosController#index as HTML
  [1m[35mPortfolio Load (0.0ms)[0m  SELECT "portfolios".* FROM "portfolios"
Rendered portfolios/index.html.erb within layouts/application (15.6ms)
Completed 200 OK in 312ms (Views: 281.2ms | ActiveRecord: 0.0ms)


Started GET "/portfolios/new" for 127.0.0.1 at 2011-05-04 13:46:54 +0600
  Processing by PortfoliosController#new as HTML
Rendered portfolios/_form.html.erb (156.2ms)
Rendered portfolios/new.html.erb within layouts/application (265.6ms)
Completed 200 OK in 578ms (Views: 546.9ms | ActiveRecord: 0.0ms)


Started POST "/portfolios" for 127.0.0.1 at 2011-05-04 13:47:02 +0600
  Processing by PortfoliosController#create as HTML
  Parameters: {"utf8"=>"‚úì", "authenticity_token"=>"W08t3XDMnYzTvTe9aJkTesIIn2cTppHBAiBiQHB+rXo=", "portfolio"=>{"name"=>"ffvko.kz"}, "commit"=>"Create Portfolio"}
  [1m[36mSQL (0.0ms)[0m  [1m SELECT name
 FROM sqlite_master
 WHERE type = 'table' AND NOT name = 'sqlite_sequence'
[0m
  [1m[35mAREL (0.0ms)[0m  INSERT INTO "portfolios" ("name", "created_at", "updated_at") VALUES ('ffvko.kz', '2011-05-04 07:47:02.796875', '2011-05-04 07:47:02.796875')
Redirected to http://localhost:3000/portfolios/1
Completed 302 Found in 1031ms


Started GET "/portfolios/1" for 127.0.0.1 at 2011-05-04 13:47:03 +0600
  Processing by PortfoliosController#show as HTML
  Parameters: {"id"=>"1"}
  [1m[36mPortfolio Load (0.0ms)[0m  [1mSELECT "portfolios".* FROM "portfolios" WHERE "portfolios"."id" = 1 LIMIT 1[0m
Rendered portfolios/show.html.erb within layouts/application (15.6ms)
Completed 200 OK in 375ms (Views: 328.1ms | ActiveRecord: 0.0ms)


Started GET "/portfolios" for 127.0.0.1 at 2011-05-04 13:47:07 +0600
  Processing by PortfoliosController#index as HTML
  [1m[35mPortfolio Load (0.0ms)[0m  SELECT "portfolios".* FROM "portfolios"
Rendered portfolios/index.html.erb within layouts/application (93.8ms)
Completed 200 OK in 422ms (Views: 375.0ms | ActiveRecord: 0.0ms)


Started GET "/portfolios/new" for 127.0.0.1 at 2011-05-04 13:47:09 +0600
  Processing by PortfoliosController#new as HTML
Rendered portfolios/_form.html.erb (15.6ms)
Rendered portfolios/new.html.erb within layouts/application (109.4ms)
Completed 200 OK in 469ms (Views: 437.5ms | ActiveRecord: 0.0ms)
  [1m[36mSQL (15.6ms)[0m  [1m SELECT name
 FROM sqlite_master
 WHERE type = 'table' AND NOT name = 'sqlite_sequence'
[0m
  [1m[35mSQL (0.0ms)[0m   SELECT name
 FROM sqlite_master
 WHERE type = 'table' AND NOT name = 'sqlite_sequence'
  [1m[36mSQL (0.0ms)[0m  [1mSELECT "schema_migrations"."version" FROM "schema_migrations"[0m
Migrating to CreatePortfolios (20110504073103)
Migrating to AddImageToProjects (20110504075107)
  [1m[35mSQL (0.0ms)[0m  select sqlite_version(*)
  [1m[36mSQL (0.0ms)[0m  [1mALTER TABLE "portfolios" ADD "image_file_name" varchar(255)[0m
  [1m[35mSQL (0.0ms)[0m  ALTER TABLE "portfolios" ADD "image_content_type" varchar(255)
  [1m[36mSQL (0.0ms)[0m  [1mALTER TABLE "portfolios" ADD "image_file_size" varchar(255)[0m
  [1m[35mSQL (0.0ms)[0m  ALTER TABLE "portfolios" ADD "image_updated_at" varchar(255)
  [1m[36mSQL (0.0ms)[0m  [1mINSERT INTO "schema_migrations" ("version") VALUES ('20110504075107')[0m
  [1m[35mSQL (0.0ms)[0m   SELECT name
 FROM sqlite_master
 WHERE type = 'table' AND NOT name = 'sqlite_sequence'
  [1m[36mSQL (0.0ms)[0m  [1mSELECT "schema_migrations"."version" FROM "schema_migrations"[0m
  [1m[35mSQL (0.0ms)[0m   SELECT name
 FROM sqlite_master
 WHERE type = 'table' AND NOT name = 'sqlite_sequence'
  [1m[36mSQL (0.0ms)[0m  [1mPRAGMA index_list("portfolios")[0m


Started GET "/portfolios/new" for 127.0.0.1 at 2011-05-04 13:57:39 +0600
  Processing by PortfoliosController#new as HTML
Rendered portfolios/_form.html.erb (62.5ms)
Rendered portfolios/new.html.erb within layouts/application (156.2ms)
Completed 200 OK in 453ms (Views: 390.6ms | ActiveRecord: 0.0ms)


Started POST "/portfolios" for 127.0.0.1 at 2011-05-04 13:58:12 +0600
  Processing by PortfoliosController#create as HTML
  Parameters: {"utf8"=>"‚úì", "authenticity_token"=>"W08t3XDMnYzTvTe9aJkTesIIn2cTppHBAiBiQHB+rXo=", "portfolio"=>{"name"=>"1", "image"=>#<ActionDispatch::Http::UploadedFile:0x1d2b600 @original_filename="1.jpg", @content_type="image/jpeg", @headers="Content-Disposition: form-data; name=\"portfolio[image]\"; filename=\"1.jpg\"\r\nContent-Type: image/jpeg\r\n", @tempfile=#<File:C:/DOCUME~1/web/LOCALS~1/Temp/RackMultipart20110504-3676-y75iez>>}, "commit"=>"Create Portfolio"}
  [1m[36mSQL (0.0ms)[0m  [1m SELECT name
 FROM sqlite_master
 WHERE type = 'table' AND NOT name = 'sqlite_sequence'
[0m
  [1m[35mAREL (0.0ms)[0m  INSERT INTO "portfolios" ("name", "created_at", "updated_at", "image_file_name", "image_content_type", "image_file_size", "image_updated_at") VALUES ('1', '2011-05-04 07:58:13.359375', '2011-05-04 07:58:13.359375', '1.jpg', 'image/jpeg', 146127, '2011-05-04 07:58:13.250000')
[paperclip] Saving attachments.
[paperclip] saving C:/temp/rails_test/dav_site/public/system/images/2/original/1.jpg
Redirected to http://localhost:3000/portfolios/2
Completed 302 Found in 3062ms


Started GET "/portfolios/2" for 127.0.0.1 at 2011-05-04 13:58:16 +0600
  Processing by PortfoliosController#show as HTML
  Parameters: {"id"=>"2"}
  [1m[36mPortfolio Load (0.0ms)[0m  [1mSELECT "portfolios".* FROM "portfolios" WHERE "portfolios"."id" = 2 LIMIT 1[0m
Rendered portfolios/show.html.erb within layouts/application (46.9ms)
Completed 200 OK in 328ms (Views: 281.2ms | ActiveRecord: 0.0ms)


Started GET "/portfolios/2" for 127.0.0.1 at 2011-05-04 13:59:54 +0600
  Processing by PortfoliosController#show as HTML
  Parameters: {"id"=>"2"}
  [1m[35mPortfolio Load (0.0ms)[0m  SELECT "portfolios".* FROM "portfolios" WHERE "portfolios"."id" = 2 LIMIT 1
Rendered portfolios/show.html.erb within layouts/application (62.5ms)
Completed 200 OK in 359ms (Views: 312.5ms | ActiveRecord: 0.0ms)


Started GET "/portfolios/2" for 127.0.0.1 at 2011-05-04 14:05:19 +0600
  Processing by PortfoliosController#show as HTML
  Parameters: {"id"=>"2"}
Completed   in 47ms

SyntaxError (C:/temp/rails_test/dav_site/app/models/portfolio.rb:6: syntax error, unexpected tSYMBEG, expecting '}'
    :srednee => "300x220>"
     ^
C:/temp/rails_test/dav_site/app/models/portfolio.rb:7: syntax error, unexpected '}', expecting keyword_end):
  app/controllers/portfolios_controller.rb:16:in `show'

Rendered C:/Ruby192/lib/ruby/gems/1.9.1/gems/actionpack-3.0.7/lib/action_dispatch/middleware/templates/rescues/_trace.erb (15.6ms)
Rendered C:/Ruby192/lib/ruby/gems/1.9.1/gems/actionpack-3.0.7/lib/action_dispatch/middleware/templates/rescues/_request_and_response.erb (0.0ms)
Rendered C:/Ruby192/lib/ruby/gems/1.9.1/gems/actionpack-3.0.7/lib/action_dispatch/middleware/templates/rescues/diagnostics.erb within rescues/layout (171.9ms)


Started GET "/portfolios/2" for 127.0.0.1 at 2011-05-04 14:05:31 +0600
  Processing by PortfoliosController#show as HTML
  Parameters: {"id"=>"2"}
  [1m[36mPortfolio Load (0.0ms)[0m  [1mSELECT "portfolios".* FROM "portfolios" WHERE "portfolios"."id" = 2 LIMIT 1[0m
Rendered portfolios/show.html.erb within layouts/application (31.2ms)
Completed 200 OK in 344ms (Views: 281.2ms | ActiveRecord: 0.0ms)


Started GET "/system/images/2/medium/1.jpg?2011" for 127.0.0.1 at 2011-05-04 14:05:32 +0600

ActionController::RoutingError (No route matches "/system/images/2/medium/1.jpg"):
  

Rendered C:/Ruby192/lib/ruby/gems/1.9.1/gems/actionpack-3.0.7/lib/action_dispatch/middleware/templates/rescues/routing_error.erb within rescues/layout (0.0ms)


Started GET "/portfolios/2" for 127.0.0.1 at 2011-05-04 14:05:41 +0600
  Processing by PortfoliosController#show as HTML
  Parameters: {"id"=>"2"}
  [1m[35mPortfolio Load (0.0ms)[0m  SELECT "portfolios".* FROM "portfolios" WHERE "portfolios"."id" = 2 LIMIT 1
Rendered portfolios/show.html.erb within layouts/application (31.2ms)
Completed 200 OK in 312ms (Views: 281.2ms | ActiveRecord: 0.0ms)


Started GET "/system/images/2/medium/1.jpg?2011" for 127.0.0.1 at 2011-05-04 14:05:42 +0600

ActionController::RoutingError (No route matches "/system/images/2/medium/1.jpg"):
  

Rendered C:/Ruby192/lib/ruby/gems/1.9.1/gems/actionpack-3.0.7/lib/action_dispatch/middleware/templates/rescues/routing_error.erb within rescues/layout (0.0ms)


Started GET "/portfolios/2" for 127.0.0.1 at 2011-05-04 14:08:06 +0600
  Processing by PortfoliosController#show as HTML
  Parameters: {"id"=>"2"}
  [1m[36mSQL (0.0ms)[0m  [1m SELECT name
 FROM sqlite_master
 WHERE type = 'table' AND NOT name = 'sqlite_sequence'
[0m
  [1m[35mPortfolio Load (0.0ms)[0m  SELECT "portfolios".* FROM "portfolios" WHERE "portfolios"."id" = 2 LIMIT 1
Rendered portfolios/show.html.erb within layouts/application (46.9ms)
Completed 200 OK in 2219ms (Views: 281.2ms | ActiveRecord: 0.0ms)


Started GET "/system/images/2/medium/1.jpg?2011" for 127.0.0.1 at 2011-05-04 14:08:28 +0600

ActionController::RoutingError (No route matches "/system/images/2/medium/1.jpg"):
  

Rendered C:/Ruby192/lib/ruby/gems/1.9.1/gems/actionpack-3.0.7/lib/action_dispatch/middleware/templates/rescues/routing_error.erb within rescues/layout (0.0ms)


Started GET "/portfolios/2" for 127.0.0.1 at 2011-05-04 14:09:27 +0600
  Processing by PortfoliosController#show as HTML
  Parameters: {"id"=>"2"}
  [1m[36mPortfolio Load (0.0ms)[0m  [1mSELECT "portfolios".* FROM "portfolios" WHERE "portfolios"."id" = 2 LIMIT 1[0m
Rendered portfolios/show.html.erb within layouts/application (46.9ms)
Completed 200 OK in 328ms (Views: 296.9ms | ActiveRecord: 0.0ms)


Started GET "/system/images/2/medium/1.jpg?2011" for 127.0.0.1 at 2011-05-04 14:09:29 +0600

ActionController::RoutingError (No route matches "/system/images/2/medium/1.jpg"):
  

Rendered C:/Ruby192/lib/ruby/gems/1.9.1/gems/actionpack-3.0.7/lib/action_dispatch/middleware/templates/rescues/routing_error.erb within rescues/layout (0.0ms)


Started GET "/system/images/2/medium/1.jpg?2011" for 127.0.0.1 at 2011-05-04 14:09:29 +0600

ActionController::RoutingError (No route matches "/system/images/2/medium/1.jpg"):
  

Rendered C:/Ruby192/lib/ruby/gems/1.9.1/gems/actionpack-3.0.7/lib/action_dispatch/middleware/templates/rescues/routing_error.erb within rescues/layout (0.0ms)


Started GET "/system/images/2/medium/1.jpg?2011" for 127.0.0.1 at 2011-05-04 14:09:38 +0600

ActionController::RoutingError (No route matches "/system/images/2/medium/1.jpg"):
  

Rendered C:/Ruby192/lib/ruby/gems/1.9.1/gems/actionpack-3.0.7/lib/action_dispatch/middleware/templates/rescues/routing_error.erb within rescues/layout (0.0ms)


Started GET "/portfolios/2" for 127.0.0.1 at 2011-05-04 14:09:48 +0600
  Processing by PortfoliosController#show as HTML
  Parameters: {"id"=>"2"}
  [1m[35mPortfolio Load (0.0ms)[0m  SELECT "portfolios".* FROM "portfolios" WHERE "portfolios"."id" = 2 LIMIT 1
Rendered portfolios/show.html.erb within layouts/application (109.4ms)
Completed 200 OK in 375ms (Views: 328.1ms | ActiveRecord: 0.0ms)


Started GET "/system/images/2/medium/1.jpg?2011" for 127.0.0.1 at 2011-05-04 14:09:49 +0600

ActionController::RoutingError (No route matches "/system/images/2/medium/1.jpg"):
  

Rendered C:/Ruby192/lib/ruby/gems/1.9.1/gems/actionpack-3.0.7/lib/action_dispatch/middleware/templates/rescues/routing_error.erb within rescues/layout (0.0ms)


Started GET "/portfolios/2" for 127.0.0.1 at 2011-05-04 14:11:15 +0600
  Processing by PortfoliosController#show as HTML
  Parameters: {"id"=>"2"}
  [1m[36mPortfolio Load (0.0ms)[0m  [1mSELECT "portfolios".* FROM "portfolios" WHERE "portfolios"."id" = 2 LIMIT 1[0m
Rendered portfolios/show.html.erb within layouts/application (31.2ms)
Completed 200 OK in 359ms (Views: 296.9ms | ActiveRecord: 0.0ms)


Started GET "/system/images/2/srednee/1.jpg?2011" for 127.0.0.1 at 2011-05-04 14:11:16 +0600

ActionController::RoutingError (No route matches "/system/images/2/srednee/1.jpg"):
  

Rendered C:/Ruby192/lib/ruby/gems/1.9.1/gems/actionpack-3.0.7/lib/action_dispatch/middleware/templates/rescues/routing_error.erb within rescues/layout (0.0ms)


Started GET "/portfolios/2/edit" for 127.0.0.1 at 2011-05-04 14:11:48 +0600
  Processing by PortfoliosController#edit as HTML
  Parameters: {"id"=>"2"}
  [1m[35mPortfolio Load (0.0ms)[0m  SELECT "portfolios".* FROM "portfolios" WHERE "portfolios"."id" = 2 LIMIT 1
Rendered portfolios/_form.html.erb (31.2ms)
Rendered portfolios/edit.html.erb within layouts/application (93.8ms)
Completed 200 OK in 391ms (Views: 359.4ms | ActiveRecord: 0.0ms)


Started POST "/portfolios/2" for 127.0.0.1 at 2011-05-04 14:11:53 +0600
  Processing by PortfoliosController#update as HTML
  Parameters: {"utf8"=>"‚úì", "authenticity_token"=>"W08t3XDMnYzTvTe9aJkTesIIn2cTppHBAiBiQHB+rXo=", "portfolio"=>{"name"=>"1", "image"=>#<ActionDispatch::Http::UploadedFile:0x1d23a88 @original_filename="1.jpg", @content_type="image/jpeg", @headers="Content-Disposition: form-data; name=\"portfolio[image]\"; filename=\"1.jpg\"\r\nContent-Type: image/jpeg\r\n", @tempfile=#<File:C:/DOCUME~1/web/LOCALS~1/Temp/RackMultipart20110504-2872-1259j12>>}, "commit"=>"Update Portfolio", "id"=>"2"}
  [1m[36mPortfolio Load (0.0ms)[0m  [1mSELECT "portfolios".* FROM "portfolios" WHERE "portfolios"."id" = 2 LIMIT 1[0m
[paperclip] identify -format %wx%h "C:/DOCUME~1/web/LOCALS~1/Temp/stream20110504-2872-1m58c7k.jpg[0]" 2>NUL
[paperclip] convert "C:/DOCUME~1/web/LOCALS~1/Temp/stream20110504-2872-1m58c7k.jpg[0]" -resize "300x" -crop "300x220+0+2" +repage "C:/DOCUME~1/web/LOCALS~1/Temp/stream20110504-2872-1m58c7k20110504-2872-1g6rwe" 2>NUL
[paperclip] identify -format %wx%h "C:/DOCUME~1/web/LOCALS~1/Temp/stream20110504-2872-1m58c7k.jpg[0]" 2>NUL
[paperclip] convert "C:/DOCUME~1/web/LOCALS~1/Temp/stream20110504-2872-1m58c7k.jpg[0]" -resize "300x220>" "C:/DOCUME~1/web/LOCALS~1/Temp/stream20110504-2872-1m58c7k20110504-2872-1txff0e" 2>NUL
  [1m[35mAREL (15.6ms)[0m  UPDATE "portfolios" SET "image_file_size" = 146127, "image_updated_at" = '2011-05-04 08:11:53.750000', "updated_at" = '2011-05-04 08:11:56.187500' WHERE "portfolios"."id" = 2
[paperclip] Saving attachments.
[paperclip] deleting C:/temp/rails_test/dav_site/public/system/images/2/original/1.jpg
[paperclip] saving C:/temp/rails_test/dav_site/public/system/images/2/original/1.jpg
[paperclip] saving C:/temp/rails_test/dav_site/public/system/images/2/medium/1.jpg
[paperclip] saving C:/temp/rails_test/dav_site/public/system/images/2/srednee/1.jpg
Redirected to http://localhost:3000/portfolios/2
Completed 302 Found in 3422ms


Started GET "/portfolios/2" for 127.0.0.1 at 2011-05-04 14:11:57 +0600
  Processing by PortfoliosController#show as HTML
  Parameters: {"id"=>"2"}
  [1m[36mPortfolio Load (15.6ms)[0m  [1mSELECT "portfolios".* FROM "portfolios" WHERE "portfolios"."id" = 2 LIMIT 1[0m
Rendered portfolios/show.html.erb within layouts/application (31.2ms)
Completed 200 OK in 312ms (Views: 265.6ms | ActiveRecord: 15.6ms)


Started GET "/portfolios/2" for 127.0.0.1 at 2011-05-04 14:12:10 +0600
  Processing by PortfoliosController#show as HTML
  Parameters: {"id"=>"2"}
  [1m[35mPortfolio Load (15.6ms)[0m  SELECT "portfolios".* FROM "portfolios" WHERE "portfolios"."id" = 2 LIMIT 1
Rendered portfolios/show.html.erb within layouts/application (31.2ms)
Completed 200 OK in 328ms (Views: 281.2ms | ActiveRecord: 15.6ms)


Started GET "/portfolios" for 127.0.0.1 at 2011-05-04 14:12:39 +0600
  Processing by PortfoliosController#index as HTML
  [1m[36mPortfolio Load (0.0ms)[0m  [1mSELECT "portfolios".* FROM "portfolios"[0m
Rendered portfolios/index.html.erb within layouts/application (31.2ms)
Completed 200 OK in 312ms (Views: 281.2ms | ActiveRecord: 0.0ms)


Started GET "/portfolios/1/edit" for 127.0.0.1 at 2011-05-04 14:12:42 +0600
  Processing by PortfoliosController#edit as HTML
  Parameters: {"id"=>"1"}
  [1m[35mPortfolio Load (0.0ms)[0m  SELECT "portfolios".* FROM "portfolios" WHERE "portfolios"."id" = 1 LIMIT 1
Rendered portfolios/_form.html.erb (15.6ms)
Rendered portfolios/edit.html.erb within layouts/application (93.8ms)
Completed 200 OK in 359ms (Views: 312.5ms | ActiveRecord: 0.0ms)


Started POST "/portfolios/1" for 127.0.0.1 at 2011-05-04 14:12:47 +0600
  Processing by PortfoliosController#update as HTML
  Parameters: {"utf8"=>"‚úì", "authenticity_token"=>"W08t3XDMnYzTvTe9aJkTesIIn2cTppHBAiBiQHB+rXo=", "portfolio"=>{"name"=>"ffvko.kz", "image"=>#<ActionDispatch::Http::UploadedFile:0x1cfed38 @original_filename="2.jpg", @content_type="image/jpeg", @headers="Content-Disposition: form-data; name=\"portfolio[image]\"; filename=\"2.jpg\"\r\nContent-Type: image/jpeg\r\n", @tempfile=#<File:C:/DOCUME~1/web/LOCALS~1/Temp/RackMultipart20110504-2872-1f8ft4g>>}, "commit"=>"Update Portfolio", "id"=>"1"}
  [1m[36mPortfolio Load (0.0ms)[0m  [1mSELECT "portfolios".* FROM "portfolios" WHERE "portfolios"."id" = 1 LIMIT 1[0m
[paperclip] identify -format %wx%h "C:/DOCUME~1/web/LOCALS~1/Temp/stream20110504-2872-1ywgs0p.jpg[0]" 2>NUL
[paperclip] convert "C:/DOCUME~1/web/LOCALS~1/Temp/stream20110504-2872-1ywgs0p.jpg[0]" -resize "300x" -crop "300x220+0+2" +repage "C:/DOCUME~1/web/LOCALS~1/Temp/stream20110504-2872-1ywgs0p20110504-2872-pyiz39" 2>NUL
[paperclip] identify -format %wx%h "C:/DOCUME~1/web/LOCALS~1/Temp/stream20110504-2872-1ywgs0p.jpg[0]" 2>NUL
[paperclip] convert "C:/DOCUME~1/web/LOCALS~1/Temp/stream20110504-2872-1ywgs0p.jpg[0]" -resize "300x220>" "C:/DOCUME~1/web/LOCALS~1/Temp/stream20110504-2872-1ywgs0p20110504-2872-xp3k2q" 2>NUL
  [1m[35mAREL (0.0ms)[0m  UPDATE "portfolios" SET "image_file_name" = '2.jpg', "image_content_type" = 'image/jpeg', "image_file_size" = 111363, "image_updated_at" = '2011-05-04 08:12:47.328125', "updated_at" = '2011-05-04 08:12:48.578125' WHERE "portfolios"."id" = 1
[paperclip] Saving attachments.
[paperclip] saving C:/temp/rails_test/dav_site/public/system/images/1/original/2.jpg
[paperclip] saving C:/temp/rails_test/dav_site/public/system/images/1/medium/2.jpg
[paperclip] saving C:/temp/rails_test/dav_site/public/system/images/1/srednee/2.jpg
Redirected to http://localhost:3000/portfolios/1
Completed 302 Found in 1562ms


Started GET "/portfolios/1" for 127.0.0.1 at 2011-05-04 14:12:48 +0600
  Processing by PortfoliosController#show as HTML
  Parameters: {"id"=>"1"}
  [1m[36mPortfolio Load (0.0ms)[0m  [1mSELECT "portfolios".* FROM "portfolios" WHERE "portfolios"."id" = 1 LIMIT 1[0m
Rendered portfolios/show.html.erb within layouts/application (31.2ms)
Completed 200 OK in 312ms (Views: 281.2ms | ActiveRecord: 0.0ms)


Started GET "/portfolios/1/edit" for 127.0.0.1 at 2011-05-04 14:13:55 +0600
  Processing by PortfoliosController#edit as HTML
  Parameters: {"id"=>"1"}
  [1m[35mPortfolio Load (0.0ms)[0m  SELECT "portfolios".* FROM "portfolios" WHERE "portfolios"."id" = 1 LIMIT 1
Rendered portfolios/_form.html.erb (15.6ms)
Rendered portfolios/edit.html.erb within layouts/application (125.0ms)
Completed 200 OK in 391ms (Views: 359.4ms | ActiveRecord: 0.0ms)


Started GET "/portfolios/1/edit" for 127.0.0.1 at 2011-05-04 14:14:28 +0600
  Processing by PortfoliosController#edit as HTML
  Parameters: {"id"=>"1"}
  [1m[36mPortfolio Load (0.0ms)[0m  [1mSELECT "portfolios".* FROM "portfolios" WHERE "portfolios"."id" = 1 LIMIT 1[0m
Rendered portfolios/_form.html.erb (31.2ms)
Rendered portfolios/edit.html.erb within layouts/application (109.4ms)
Completed 200 OK in 422ms (Views: 343.8ms | ActiveRecord: 0.0ms)


Started POST "/portfolios/1" for 127.0.0.1 at 2011-05-04 14:14:33 +0600
  Processing by PortfoliosController#update as HTML
  Parameters: {"utf8"=>"‚úì", "authenticity_token"=>"W08t3XDMnYzTvTe9aJkTesIIn2cTppHBAiBiQHB+rXo=", "portfolio"=>{"name"=>"ffvko.kz", "image"=>#<ActionDispatch::Http::UploadedFile:0x19053a8 @original_filename="2.jpg", @content_type="image/jpeg", @headers="Content-Disposition: form-data; name=\"portfolio[image]\"; filename=\"2.jpg\"\r\nContent-Type: image/jpeg\r\n", @tempfile=#<File:C:/DOCUME~1/web/LOCALS~1/Temp/RackMultipart20110504-2872-7u5gyq>>}, "commit"=>"Update Portfolio", "id"=>"1"}
  [1m[35mPortfolio Load (0.0ms)[0m  SELECT "portfolios".* FROM "portfolios" WHERE "portfolios"."id" = 1 LIMIT 1
[paperclip] identify -format %wx%h "C:/DOCUME~1/web/LOCALS~1/Temp/stream20110504-2872-i908fx.jpg[0]" 2>NUL
[paperclip] convert "C:/DOCUME~1/web/LOCALS~1/Temp/stream20110504-2872-i908fx.jpg[0]" -resize "300x" -crop "300x220+0+2" +repage "C:/DOCUME~1/web/LOCALS~1/Temp/stream20110504-2872-i908fx20110504-2872-1983oxt" 2>NUL
[paperclip] identify -format %wx%h "C:/DOCUME~1/web/LOCALS~1/Temp/stream20110504-2872-i908fx.jpg[0]" 2>NUL
[paperclip] convert "C:/DOCUME~1/web/LOCALS~1/Temp/stream20110504-2872-i908fx.jpg[0]" -resize "300x220>" "C:/DOCUME~1/web/LOCALS~1/Temp/stream20110504-2872-i908fx20110504-2872-58hkqa" 2>NUL
  [1m[36mAREL (0.0ms)[0m  [1mUPDATE "portfolios" SET "image_file_size" = 111363, "image_updated_at" = '2011-05-04 08:14:34.250000', "updated_at" = '2011-05-04 08:14:35.484375' WHERE "portfolios"."id" = 1[0m
[paperclip] Saving attachments.
[paperclip] deleting C:/temp/rails_test/dav_site/public/system/images/1/original/2.jpg
[paperclip] deleting C:/temp/rails_test/dav_site/public/system/images/1/medium/2.jpg
[paperclip] deleting C:/temp/rails_test/dav_site/public/system/images/1/srednee/2.jpg
[paperclip] saving C:/temp/rails_test/dav_site/public/system/images/1/original/2.jpg
[paperclip] saving C:/temp/rails_test/dav_site/public/system/images/1/medium/2.jpg
[paperclip] saving C:/temp/rails_test/dav_site/public/system/images/1/srednee/2.jpg
Redirected to http://localhost:3000/portfolios/1
Completed 302 Found in 1594ms


Started GET "/portfolios/1" for 127.0.0.1 at 2011-05-04 14:14:35 +0600
  Processing by PortfoliosController#show as HTML
  Parameters: {"id"=>"1"}
  [1m[35mPortfolio Load (0.0ms)[0m  SELECT "portfolios".* FROM "portfolios" WHERE "portfolios"."id" = 1 LIMIT 1
Rendered portfolios/show.html.erb within layouts/application (31.2ms)
Completed 200 OK in 422ms (Views: 281.2ms | ActiveRecord: 0.0ms)


Started GET "/portfolios/1/edit" for 127.0.0.1 at 2011-05-04 14:14:39 +0600
  Processing by PortfoliosController#edit as HTML
  Parameters: {"id"=>"1"}
  [1m[36mPortfolio Load (0.0ms)[0m  [1mSELECT "portfolios".* FROM "portfolios" WHERE "portfolios"."id" = 1 LIMIT 1[0m
Rendered portfolios/_form.html.erb (78.1ms)
Rendered portfolios/edit.html.erb within layouts/application (156.2ms)
Completed 200 OK in 438ms (Views: 390.6ms | ActiveRecord: 0.0ms)


Started GET "/portfolios/list" for 127.0.0.1 at 2011-05-04 14:15:33 +0600
  Processing by PortfoliosController#show as HTML
  Parameters: {"id"=>"list"}
  [1m[35mPortfolio Load (0.0ms)[0m  SELECT "portfolios".* FROM "portfolios" WHERE "portfolios"."id" = 0 LIMIT 1
Completed   in 47ms

ActiveRecord::RecordNotFound (Couldn't find Portfolio with ID=list):
  app/controllers/portfolios_controller.rb:25:in `show'

Rendered C:/Ruby192/lib/ruby/gems/1.9.1/gems/actionpack-3.0.7/lib/action_dispatch/middleware/templates/rescues/_trace.erb (0.0ms)
Rendered C:/Ruby192/lib/ruby/gems/1.9.1/gems/actionpack-3.0.7/lib/action_dispatch/middleware/templates/rescues/_request_and_response.erb (0.0ms)
Rendered C:/Ruby192/lib/ruby/gems/1.9.1/gems/actionpack-3.0.7/lib/action_dispatch/middleware/templates/rescues/diagnostics.erb within rescues/layout (171.9ms)


Started GET "/portfolios/imdex" for 127.0.0.1 at 2011-05-04 14:15:46 +0600
  Processing by PortfoliosController#show as HTML
  Parameters: {"id"=>"imdex"}
  [1m[36mPortfolio Load (0.0ms)[0m  [1mSELECT "portfolios".* FROM "portfolios" WHERE "portfolios"."id" = 0 LIMIT 1[0m
Completed   in 31ms

ActiveRecord::RecordNotFound (Couldn't find Portfolio with ID=imdex):
  app/controllers/portfolios_controller.rb:25:in `show'

Rendered C:/Ruby192/lib/ruby/gems/1.9.1/gems/actionpack-3.0.7/lib/action_dispatch/middleware/templates/rescues/_trace.erb (0.0ms)
Rendered C:/Ruby192/lib/ruby/gems/1.9.1/gems/actionpack-3.0.7/lib/action_dispatch/middleware/templates/rescues/_request_and_response.erb (0.0ms)
Rendered C:/Ruby192/lib/ruby/gems/1.9.1/gems/actionpack-3.0.7/lib/action_dispatch/middleware/templates/rescues/diagnostics.erb within rescues/layout (187.5ms)


Started GET "/portfolios/index" for 127.0.0.1 at 2011-05-04 14:15:49 +0600
  Processing by PortfoliosController#show as HTML
  Parameters: {"id"=>"index"}
  [1m[35mPortfolio Load (0.0ms)[0m  SELECT "portfolios".* FROM "portfolios" WHERE "portfolios"."id" = 0 LIMIT 1
Completed   in 31ms

ActiveRecord::RecordNotFound (Couldn't find Portfolio with ID=index):
  app/controllers/portfolios_controller.rb:25:in `show'

Rendered C:/Ruby192/lib/ruby/gems/1.9.1/gems/actionpack-3.0.7/lib/action_dispatch/middleware/templates/rescues/_trace.erb (15.6ms)
Rendered C:/Ruby192/lib/ruby/gems/1.9.1/gems/actionpack-3.0.7/lib/action_dispatch/middleware/templates/rescues/_request_and_response.erb (0.0ms)
Rendered C:/Ruby192/lib/ruby/gems/1.9.1/gems/actionpack-3.0.7/lib/action_dispatch/middleware/templates/rescues/diagnostics.erb within rescues/layout (171.9ms)


Started GET "/portfolios/" for 127.0.0.1 at 2011-05-04 14:16:00 +0600
  Processing by PortfoliosController#index as HTML
  [1m[36mPortfolio Load (0.0ms)[0m  [1mSELECT "portfolios".* FROM "portfolios"[0m
Rendered portfolios/index.html.erb within layouts/application (78.1ms)
Completed 200 OK in 344ms (Views: 296.9ms | ActiveRecord: 0.0ms)


Started GET "/portfolios/list" for 127.0.0.1 at 2011-05-04 14:17:46 +0600
  Processing by PortfoliosController#show as HTML
  Parameters: {"id"=>"list"}
  [1m[35mPortfolio Load (0.0ms)[0m  SELECT "portfolios".* FROM "portfolios" WHERE "portfolios"."id" = 0 LIMIT 1
Completed   in 31ms

ActiveRecord::RecordNotFound (Couldn't find Portfolio with ID=list):
  app/controllers/portfolios_controller.rb:25:in `show'

Rendered C:/Ruby192/lib/ruby/gems/1.9.1/gems/actionpack-3.0.7/lib/action_dispatch/middleware/templates/rescues/_trace.erb (0.0ms)
Rendered C:/Ruby192/lib/ruby/gems/1.9.1/gems/actionpack-3.0.7/lib/action_dispatch/middleware/templates/rescues/_request_and_response.erb (15.6ms)
Rendered C:/Ruby192/lib/ruby/gems/1.9.1/gems/actionpack-3.0.7/lib/action_dispatch/middleware/templates/rescues/diagnostics.erb within rescues/layout (187.5ms)


Started GET "/" for 127.0.0.1 at 2011-05-04 14:18:58 +0600
  Processing by PortfoliosController#list as HTML
  [1m[36mPortfolio Load (0.0ms)[0m  [1mSELECT "portfolios".* FROM "portfolios"[0m
Rendered portfolios/list.html.erb within layouts/application (31.2ms)
Completed 200 OK in 359ms (Views: 296.9ms | ActiveRecord: 0.0ms)


Started GET "/portfolios/new" for 127.0.0.1 at 2011-05-04 14:40:40 +0600
  Processing by PortfoliosController#new as HTML
Rendered portfolios/_form.html.erb (15.6ms)
Rendered portfolios/new.html.erb within layouts/application (93.8ms)
Completed 200 OK in 375ms (Views: 328.1ms | ActiveRecord: 0.0ms)


Started GET "/portfolios/new" for 127.0.0.1 at 2011-05-04 14:40:44 +0600
  Processing by PortfoliosController#new as HTML
Rendered portfolios/_form.html.erb (0.0ms)
Rendered portfolios/new.html.erb within layouts/application (93.8ms)
Completed 200 OK in 578ms (Views: 421.9ms | ActiveRecord: 0.0ms)


Started GET "/portfolios/new" for 127.0.0.1 at 2011-05-04 14:40:47 +0600
  Processing by PortfoliosController#new as HTML
Rendered portfolios/_form.html.erb (15.6ms)
Rendered portfolios/new.html.erb within layouts/application (93.8ms)
Completed 200 OK in 375ms (Views: 328.1ms | ActiveRecord: 0.0ms)


Started GET "/portfolios/new" for 127.0.0.1 at 2011-05-04 14:42:27 +0600
  Processing by PortfoliosController#new as HTML
Rendered portfolios/_form.html.erb (0.0ms)
Rendered portfolios/new.html.erb within layouts/application (109.4ms)
Completed 200 OK in 406ms (Views: 375.0ms | ActiveRecord: 0.0ms)


Started GET "/images/medium/missing.png" for 127.0.0.1 at 2011-05-04 14:42:28 +0600

ActionController::RoutingError (No route matches "/images/medium/missing.png"):
  

Rendered C:/Ruby192/lib/ruby/gems/1.9.1/gems/actionpack-3.0.7/lib/action_dispatch/middleware/templates/rescues/routing_error.erb within rescues/layout (0.0ms)


Started GET "/images/medium/missing.png" for 127.0.0.1 at 2011-05-04 14:42:29 +0600

ActionController::RoutingError (No route matches "/images/medium/missing.png"):
  

Rendered C:/Ruby192/lib/ruby/gems/1.9.1/gems/actionpack-3.0.7/lib/action_dispatch/middleware/templates/rescues/routing_error.erb within rescues/layout (0.0ms)


Started GET "/portfolios/new" for 127.0.0.1 at 2011-05-04 14:42:41 +0600
  Processing by PortfoliosController#new as HTML
Rendered portfolios/_form.html.erb (15.6ms)
Rendered portfolios/new.html.erb within layouts/application (109.4ms)
Completed 200 OK in 438ms (Views: 343.8ms | ActiveRecord: 0.0ms)


Started GET "/images/medium/missing.png" for 127.0.0.1 at 2011-05-04 14:42:42 +0600

ActionController::RoutingError (No route matches "/images/medium/missing.png"):
  

Rendered C:/Ruby192/lib/ruby/gems/1.9.1/gems/actionpack-3.0.7/lib/action_dispatch/middleware/templates/rescues/routing_error.erb within rescues/layout (0.0ms)


Started GET "/portfolios/new" for 127.0.0.1 at 2011-05-04 14:45:30 +0600
  Processing by PortfoliosController#new as HTML
Rendered portfolios/_form.html.erb (15.6ms)
Rendered portfolios/new.html.erb within layouts/application (421.9ms)
Completed   in 734ms

ActionView::Template::Error (Your template was not saved as valid UTF-8. Please either specify UTF-8 as the encoding for your template in your text editor, or mark the template with its encoding by inserting the following as the first line of the template:

# encoding: <name of correct encoding>.

The source of your template was:

<!DOCTYPE html>
<html>
<head>
  <title>¿„ÂÌÒÚ‚Ó Davidoff Brandmaker</title>
  <%= stylesheet_link_tag :all %>
  <%= javascript_include_tag :defaults %>
  <%= csrf_meta_tag %>
</head>
<body>

<%= yield %>

</body>
</html>
):
  app/controllers/portfolios_controller.rb:38:in `new'

Rendered C:/Ruby192/lib/ruby/gems/1.9.1/gems/actionpack-3.0.7/lib/action_dispatch/middleware/templates/rescues/_trace.erb (0.0ms)
Rendered C:/Ruby192/lib/ruby/gems/1.9.1/gems/actionpack-3.0.7/lib/action_dispatch/middleware/templates/rescues/_request_and_response.erb (0.0ms)
Rendered C:/Ruby192/lib/ruby/gems/1.9.1/gems/actionpack-3.0.7/lib/action_dispatch/middleware/templates/rescues/template_error.erb within rescues/layout (187.5ms)


Started GET "/portfolios/new" for 127.0.0.1 at 2011-05-04 14:45:48 +0600
  Processing by PortfoliosController#new as HTML
Rendered portfolios/_form.html.erb (15.6ms)
Rendered portfolios/new.html.erb within layouts/application (62.5ms)
Completed   in 359ms

ActionView::Template::Error (Your template was not saved as valid UTF-8. Please either specify UTF-8 as the encoding for your template in your text editor, or mark the template with its encoding by inserting the following as the first line of the template:

# encoding: <name of correct encoding>.

The source of your template was:

#encoding utf-8
<!DOCTYPE html>
<html>
<head>
  <title>¿„ÂÌÒÚ‚Ó Davidoff Brandmaker</title>
  <%= stylesheet_link_tag :all %>
  <%= javascript_include_tag :defaults %>
  <%= csrf_meta_tag %>
</head>
<body>

<%= yield %>

</body>
</html>
):
  app/controllers/portfolios_controller.rb:38:in `new'

Rendered C:/Ruby192/lib/ruby/gems/1.9.1/gems/actionpack-3.0.7/lib/action_dispatch/middleware/templates/rescues/_trace.erb (0.0ms)
Rendered C:/Ruby192/lib/ruby/gems/1.9.1/gems/actionpack-3.0.7/lib/action_dispatch/middleware/templates/rescues/_request_and_response.erb (15.6ms)
Rendered C:/Ruby192/lib/ruby/gems/1.9.1/gems/actionpack-3.0.7/lib/action_dispatch/middleware/templates/rescues/template_error.erb within rescues/layout (187.5ms)


Started GET "/portfolios/new" for 127.0.0.1 at 2011-05-04 14:46:28 +0600
  Processing by PortfoliosController#new as HTML
Rendered portfolios/_form.html.erb (0.0ms)
Rendered portfolios/new.html.erb within layouts/application (109.4ms)
Completed 200 OK in 391ms (Views: 359.4ms | ActiveRecord: 0.0ms)


Started GET "/images/medium/missing.png" for 127.0.0.1 at 2011-05-04 14:46:29 +0600

ActionController::RoutingError (No route matches "/images/medium/missing.png"):
  

Rendered C:/Ruby192/lib/ruby/gems/1.9.1/gems/actionpack-3.0.7/lib/action_dispatch/middleware/templates/rescues/routing_error.erb within rescues/layout (15.6ms)


Started GET "/portfolios/new" for 127.0.0.1 at 2011-05-04 14:46:48 +0600
  Processing by PortfoliosController#new as HTML
Rendered portfolios/_form.html.erb (15.6ms)
Rendered portfolios/new.html.erb within layouts/application (78.1ms)
Completed 200 OK in 406ms (Views: 343.8ms | ActiveRecord: 0.0ms)


Started GET "/images/medium/missing.png" for 127.0.0.1 at 2011-05-04 14:46:49 +0600

ActionController::RoutingError (No route matches "/images/medium/missing.png"):
  

Rendered C:/Ruby192/lib/ruby/gems/1.9.1/gems/actionpack-3.0.7/lib/action_dispatch/middleware/templates/rescues/routing_error.erb within rescues/layout (0.0ms)


Started GET "/portfolios/new" for 127.0.0.1 at 2011-05-04 14:46:54 +0600
  Processing by PortfoliosController#new as HTML
Rendered portfolios/_form.html.erb (15.6ms)
Rendered portfolios/new.html.erb within layouts/application (62.5ms)
Completed   in 359ms

ActionView::Template::Error (Your template was not saved as valid UTF-8. Please either specify UTF-8 as the encoding for your template in your text editor, or mark the template with its encoding by inserting the following as the first line of the template:

# encoding: <name of correct encoding>.

The source of your template was:

<!DOCTYPE html>
<html>
<head>
  <title>davidoff ‡‚‡˚</title>
  <%= stylesheet_link_tag :all %>
  <%= javascript_include_tag :defaults %>
  <%= csrf_meta_tag %>
</head>
<body>

<%= yield %>

</body>
</html>
):
  app/controllers/portfolios_controller.rb:38:in `new'

Rendered C:/Ruby192/lib/ruby/gems/1.9.1/gems/actionpack-3.0.7/lib/action_dispatch/middleware/templates/rescues/_trace.erb (0.0ms)
Rendered C:/Ruby192/lib/ruby/gems/1.9.1/gems/actionpack-3.0.7/lib/action_dispatch/middleware/templates/rescues/_request_and_response.erb (0.0ms)
Rendered C:/Ruby192/lib/ruby/gems/1.9.1/gems/actionpack-3.0.7/lib/action_dispatch/middleware/templates/rescues/template_error.erb within rescues/layout (171.9ms)


Started GET "/portfolios/new" for 127.0.0.1 at 2011-05-04 14:48:59 +0600
  Processing by PortfoliosController#new as HTML
Rendered portfolios/_form.html.erb (15.6ms)
Rendered portfolios/new.html.erb within layouts/application (62.5ms)
Completed   in 375ms

ActionView::Template::Error (Your template was not saved as valid UTF-8. Please either specify UTF-8 as the encoding for your template in your text editor, or mark the template with its encoding by inserting the following as the first line of the template:

# encoding: <name of correct encoding>.

The source of your template was:

<!DOCTYPE html>
<html>
<head>
  <title>davidoff ‡‚‡˚</title>
  <%= stylesheet_link_tag :all %>
  <%= javascript_include_tag :defaults %>
  <%= csrf_meta_tag %>
</head>
<body>

<%= yield %>

</body>
</html>
):
  app/controllers/portfolios_controller.rb:38:in `new'

Rendered C:/Ruby192/lib/ruby/gems/1.9.1/gems/actionpack-3.0.7/lib/action_dispatch/middleware/templates/rescues/_trace.erb (0.0ms)
Rendered C:/Ruby192/lib/ruby/gems/1.9.1/gems/actionpack-3.0.7/lib/action_dispatch/middleware/templates/rescues/_request_and_response.erb (15.6ms)
Rendered C:/Ruby192/lib/ruby/gems/1.9.1/gems/actionpack-3.0.7/lib/action_dispatch/middleware/templates/rescues/template_error.erb within rescues/layout (171.9ms)


Started GET "/portfolios/new" for 127.0.0.1 at 2011-05-04 14:50:34 +0600
  Processing by PortfoliosController#new as HTML
Rendered portfolios/_form.html.erb (46.9ms)
Rendered portfolios/new.html.erb within layouts/application (125.0ms)
Completed 200 OK in 406ms (Views: 359.4ms | ActiveRecord: 0.0ms)


Started GET "/images/medium/missing.png" for 127.0.0.1 at 2011-05-04 14:50:35 +0600

ActionController::RoutingError (No route matches "/images/medium/missing.png"):
  

Rendered C:/Ruby192/lib/ruby/gems/1.9.1/gems/actionpack-3.0.7/lib/action_dispatch/middleware/templates/rescues/routing_error.erb within rescues/layout (0.0ms)


Started GET "/images/medium/missing.png" for 127.0.0.1 at 2011-05-04 14:50:35 +0600

ActionController::RoutingError (No route matches "/images/medium/missing.png"):
  

Rendered C:/Ruby192/lib/ruby/gems/1.9.1/gems/actionpack-3.0.7/lib/action_dispatch/middleware/templates/rescues/routing_error.erb within rescues/layout (0.0ms)


Started GET "/portfolios/new" for 127.0.0.1 at 2011-05-04 14:56:12 +0600
  Processing by PortfoliosController#new as HTML
Rendered portfolios/_form.html.erb (0.0ms)
Rendered portfolios/new.html.erb within layouts/application (93.8ms)
Completed   in 406ms

ActionView::Template::Error (No expansion found for :imageflow):
    4:   <title>davidoff –∞–≥–∫</title>
    5:   <%= stylesheet_link_tag :all %>
    6:   <%= javascript_include_tag :defaults %>
    7:   <%= javascript_include_tag :imageflow %>
    8:   <%= csrf_meta_tag %>
    9: </head>
    10: <body>
  app/views/layouts/application.html.erb:7:in `_app_views_layouts_application_html_erb___400835134_14790564__1002450774'
  app/controllers/portfolios_controller.rb:38:in `new'

Rendered C:/Ruby192/lib/ruby/gems/1.9.1/gems/actionpack-3.0.7/lib/action_dispatch/middleware/templates/rescues/_trace.erb (0.0ms)
Rendered C:/Ruby192/lib/ruby/gems/1.9.1/gems/actionpack-3.0.7/lib/action_dispatch/middleware/templates/rescues/_request_and_response.erb (0.0ms)
Rendered C:/Ruby192/lib/ruby/gems/1.9.1/gems/actionpack-3.0.7/lib/action_dispatch/middleware/templates/rescues/template_error.erb within rescues/layout (187.5ms)


Started GET "/portfolios/new" for 127.0.0.1 at 2011-05-04 14:56:48 +0600
  Processing by PortfoliosController#new as HTML
Rendered portfolios/_form.html.erb (0.0ms)
Rendered portfolios/new.html.erb within layouts/application (78.1ms)
Completed   in 359ms

ActionView::Template::Error (undefined method `js' for :imageflow:Symbol):
    3: <head>
    4:   <title>davidoff –∞–≥–∫</title>
    5:   <%= stylesheet_link_tag :all %>
    6:   <%= javascript_include_tag :imageflow.js %>
    7:   <%= csrf_meta_tag %>
    8: </head>
    9: <body>
  app/views/layouts/application.html.erb:6:in `_app_views_layouts_application_html_erb___400835134_14799876__1002450774'
  app/controllers/portfolios_controller.rb:38:in `new'

Rendered C:/Ruby192/lib/ruby/gems/1.9.1/gems/actionpack-3.0.7/lib/action_dispatch/middleware/templates/rescues/_trace.erb (0.0ms)
Rendered C:/Ruby192/lib/ruby/gems/1.9.1/gems/actionpack-3.0.7/lib/action_dispatch/middleware/templates/rescues/_request_and_response.erb (0.0ms)
Rendered C:/Ruby192/lib/ruby/gems/1.9.1/gems/actionpack-3.0.7/lib/action_dispatch/middleware/templates/rescues/template_error.erb within rescues/layout (187.5ms)


Started GET "/portfolios/new" for 127.0.0.1 at 2011-05-04 14:57:29 +0600
  Processing by PortfoliosController#new as HTML
Rendered portfolios/_form.html.erb (15.6ms)
Rendered portfolios/new.html.erb within layouts/application (78.1ms)
Completed 200 OK in 375ms (Views: 343.8ms | ActiveRecord: 0.0ms)


Started GET "/images/medium/missing.png" for 127.0.0.1 at 2011-05-04 14:57:30 +0600

ActionController::RoutingError (No route matches "/images/medium/missing.png"):
  

Rendered C:/Ruby192/lib/ruby/gems/1.9.1/gems/actionpack-3.0.7/lib/action_dispatch/middleware/templates/rescues/routing_error.erb within rescues/layout (0.0ms)


Started GET "/portfolios/new" for 127.0.0.1 at 2011-05-04 15:01:16 +0600
  Processing by PortfoliosController#new as HTML
Rendered portfolios/_form.html.erb (15.6ms)
Rendered portfolios/new.html.erb within layouts/application (78.1ms)
Completed 200 OK in 359ms (Views: 328.1ms | ActiveRecord: 0.0ms)


Started GET "/images/medium/missing.png" for 127.0.0.1 at 2011-05-04 15:01:17 +0600

ActionController::RoutingError (No route matches "/images/medium/missing.png"):
  

Rendered C:/Ruby192/lib/ruby/gems/1.9.1/gems/actionpack-3.0.7/lib/action_dispatch/middleware/templates/rescues/routing_error.erb within rescues/layout (0.0ms)


Started GET "/" for 127.0.0.1 at 2011-05-04 15:02:05 +0600
  Processing by PortfoliosController#list as HTML
  [1m[35mPortfolio Load (15.6ms)[0m  SELECT "portfolios".* FROM "portfolios"
Rendered portfolios/list.html.erb within layouts/application (31.2ms)
Completed 200 OK in 312ms (Views: 281.2ms | ActiveRecord: 15.6ms)


Started GET "/" for 127.0.0.1 at 2011-05-04 15:03:08 +0600
  Processing by PortfoliosController#list as HTML
  [1m[36mPortfolio Load (0.0ms)[0m  [1mSELECT "portfolios".* FROM "portfolios"[0m
Rendered portfolios/list.html.erb within layouts/application (15.6ms)
Completed 200 OK in 312ms (Views: 281.2ms | ActiveRecord: 0.0ms)


Started GET "/" for 127.0.0.1 at 2011-05-04 15:04:02 +0600
  Processing by PortfoliosController#list as HTML
  [1m[35mPortfolio Load (15.6ms)[0m  SELECT "portfolios".* FROM "portfolios"
Rendered portfolios/list.html.erb within layouts/application (46.9ms)
Completed 200 OK in 344ms (Views: 296.9ms | ActiveRecord: 15.6ms)


Started GET "/" for 127.0.0.1 at 2011-05-04 15:05:08 +0600
  Processing by PortfoliosController#list as HTML
  [1m[36mPortfolio Load (0.0ms)[0m  [1mSELECT "portfolios".* FROM "portfolios"[0m
Rendered portfolios/list.html.erb within layouts/application (46.9ms)
Completed 200 OK in 344ms (Views: 312.5ms | ActiveRecord: 0.0ms)


Started GET "/" for 127.0.0.1 at 2011-05-04 15:05:48 +0600
  Processing by PortfoliosController#list as HTML
  [1m[35mPortfolio Load (0.0ms)[0m  SELECT "portfolios".* FROM "portfolios"
Rendered portfolios/list.html.erb within layouts/application (15.6ms)
Completed 200 OK in 297ms (Views: 265.6ms | ActiveRecord: 0.0ms)


Started GET "/" for 127.0.0.1 at 2011-05-04 15:06:10 +0600
  Processing by PortfoliosController#list as HTML
  [1m[36mPortfolio Load (15.6ms)[0m  [1mSELECT "portfolios".* FROM "portfolios"[0m
Rendered portfolios/list.html.erb within layouts/application (15.6ms)
Completed 200 OK in 312ms (Views: 265.6ms | ActiveRecord: 15.6ms)


Started GET "/" for 127.0.0.1 at 2011-05-04 15:06:19 +0600
  Processing by PortfoliosController#list as HTML
  [1m[35mPortfolio Load (0.0ms)[0m  SELECT "portfolios".* FROM "portfolios"
Rendered portfolios/list.html.erb within layouts/application (62.5ms)
Completed 200 OK in 328ms (Views: 296.9ms | ActiveRecord: 0.0ms)


Started GET "/" for 127.0.0.1 at 2011-05-04 15:06:30 +0600
  Processing by PortfoliosController#list as HTML
  [1m[36mPortfolio Load (0.0ms)[0m  [1mSELECT "portfolios".* FROM "portfolios"[0m
Rendered portfolios/list.html.erb within layouts/application (15.6ms)
Completed 200 OK in 312ms (Views: 281.2ms | ActiveRecord: 0.0ms)


Started GET "/" for 127.0.0.1 at 2011-05-04 15:06:58 +0600
  Processing by PortfoliosController#list as HTML
  [1m[35mPortfolio Load (0.0ms)[0m  SELECT "portfolios".* FROM "portfolios"
Rendered portfolios/list.html.erb within layouts/application (31.2ms)
Completed 200 OK in 297ms (Views: 265.6ms | ActiveRecord: 0.0ms)


Started GET "/" for 127.0.0.1 at 2011-05-04 15:07:52 +0600
  Processing by PortfoliosController#list as HTML
  [1m[36mPortfolio Load (0.0ms)[0m  [1mSELECT "portfolios".* FROM "portfolios"[0m
Rendered portfolios/list.html.erb within layouts/application (15.6ms)
Completed 200 OK in 281ms (Views: 250.0ms | ActiveRecord: 0.0ms)


Started GET "/" for 127.0.0.1 at 2011-05-04 15:09:25 +0600
  Processing by PortfoliosController#list as HTML
  [1m[35mPortfolio Load (15.6ms)[0m  SELECT "portfolios".* FROM "portfolios"
Rendered portfolios/list.html.erb within layouts/application (15.6ms)
Completed 200 OK in 281ms (Views: 250.0ms | ActiveRecord: 15.6ms)


Started GET "/" for 127.0.0.1 at 2011-05-04 15:09:47 +0600
  Processing by PortfoliosController#list as HTML
  [1m[36mPortfolio Load (15.6ms)[0m  [1mSELECT "portfolios".* FROM "portfolios"[0m
Rendered portfolios/list.html.erb within layouts/application (31.2ms)
Completed 200 OK in 281ms (Views: 250.0ms | ActiveRecord: 15.6ms)


Started GET "/" for 127.0.0.1 at 2011-05-04 15:10:19 +0600
  Processing by PortfoliosController#list as HTML
  [1m[35mPortfolio Load (15.6ms)[0m  SELECT "portfolios".* FROM "portfolios"
Rendered portfolios/list.html.erb within layouts/application (31.2ms)
Completed 200 OK in 297ms (Views: 250.0ms | ActiveRecord: 15.6ms)


Started GET "/" for 127.0.0.1 at 2011-05-04 15:10:25 +0600
  Processing by PortfoliosController#list as HTML
  [1m[36mPortfolio Load (0.0ms)[0m  [1mSELECT "portfolios".* FROM "portfolios"[0m
Rendered portfolios/list.html.erb within layouts/application (62.5ms)
Completed 200 OK in 328ms (Views: 296.9ms | ActiveRecord: 0.0ms)


Started GET "/" for 127.0.0.1 at 2011-05-04 15:10:37 +0600
  Processing by PortfoliosController#list as HTML
  [1m[35mPortfolio Load (0.0ms)[0m  SELECT "portfolios".* FROM "portfolios"
Rendered portfolios/list.html.erb within layouts/application (31.2ms)
Completed 200 OK in 312ms (Views: 281.2ms | ActiveRecord: 0.0ms)


Started GET "/" for 127.0.0.1 at 2011-05-04 15:12:37 +0600
  Processing by PortfoliosController#list as HTML
  [1m[36mPortfolio Load (0.0ms)[0m  [1mSELECT "portfolios".* FROM "portfolios"[0m
Rendered portfolios/list.html.erb within layouts/application (15.6ms)
Completed 200 OK in 359ms (Views: 312.5ms | ActiveRecord: 0.0ms)


Started GET "/stylesheets/img/davidoff-brandmaker-logo.jpg" for 127.0.0.1 at 2011-05-04 15:12:39 +0600

ActionController::RoutingError (No route matches "/stylesheets/img/davidoff-brandmaker-logo.jpg"):
  

Rendered C:/Ruby192/lib/ruby/gems/1.9.1/gems/actionpack-3.0.7/lib/action_dispatch/middleware/templates/rescues/routing_error.erb within rescues/layout (0.0ms)


Started GET "/stylesheets/img/shapka-line.jpg" for 127.0.0.1 at 2011-05-04 15:12:39 +0600

ActionController::RoutingError (No route matches "/stylesheets/img/shapka-line.jpg"):
  

Rendered C:/Ruby192/lib/ruby/gems/1.9.1/gems/actionpack-3.0.7/lib/action_dispatch/middleware/templates/rescues/routing_error.erb within rescues/layout (0.0ms)


Started GET "/stylesheets/img/about.jpg" for 127.0.0.1 at 2011-05-04 15:12:40 +0600

ActionController::RoutingError (No route matches "/stylesheets/img/about.jpg"):
  

Rendered C:/Ruby192/lib/ruby/gems/1.9.1/gems/actionpack-3.0.7/lib/action_dispatch/middleware/templates/rescues/routing_error.erb within rescues/layout (0.0ms)


Started GET "/stylesheets/img/about-brand.jpg" for 127.0.0.1 at 2011-05-04 15:12:40 +0600

ActionController::RoutingError (No route matches "/stylesheets/img/about-brand.jpg"):
  

Rendered C:/Ruby192/lib/ruby/gems/1.9.1/gems/actionpack-3.0.7/lib/action_dispatch/middleware/templates/rescues/routing_error.erb within rescues/layout (0.0ms)


Started GET "/stylesheets/img/forum.jpg" for 127.0.0.1 at 2011-05-04 15:12:41 +0600

ActionController::RoutingError (No route matches "/stylesheets/img/forum.jpg"):
  

Rendered C:/Ruby192/lib/ruby/gems/1.9.1/gems/actionpack-3.0.7/lib/action_dispatch/middleware/templates/rescues/routing_error.erb within rescues/layout (0.0ms)


Started GET "/stylesheets/img/portfolio.jpg" for 127.0.0.1 at 2011-05-04 15:12:41 +0600

ActionController::RoutingError (No route matches "/stylesheets/img/portfolio.jpg"):
  

Rendered C:/Ruby192/lib/ruby/gems/1.9.1/gems/actionpack-3.0.7/lib/action_dispatch/middleware/templates/rescues/routing_error.erb within rescues/layout (15.6ms)


Started GET "/stylesheets/img/expertise.jpg" for 127.0.0.1 at 2011-05-04 15:12:42 +0600

ActionController::RoutingError (No route matches "/stylesheets/img/expertise.jpg"):
  

Rendered C:/Ruby192/lib/ruby/gems/1.9.1/gems/actionpack-3.0.7/lib/action_dispatch/middleware/templates/rescues/routing_error.erb within rescues/layout (0.0ms)


Started GET "/stylesheets/img/contact.jpg" for 127.0.0.1 at 2011-05-04 15:12:42 +0600

ActionController::RoutingError (No route matches "/stylesheets/img/contact.jpg"):
  

Rendered C:/Ruby192/lib/ruby/gems/1.9.1/gems/actionpack-3.0.7/lib/action_dispatch/middleware/templates/rescues/routing_error.erb within rescues/layout (0.0ms)


Started GET "/stylesheets/img/footer-line.jpg" for 127.0.0.1 at 2011-05-04 15:12:43 +0600

ActionController::RoutingError (No route matches "/stylesheets/img/footer-line.jpg"):
  

Rendered C:/Ruby192/lib/ruby/gems/1.9.1/gems/actionpack-3.0.7/lib/action_dispatch/middleware/templates/rescues/routing_error.erb within rescues/layout (0.0ms)


Started GET "/" for 127.0.0.1 at 2011-05-04 15:13:10 +0600
  Processing by PortfoliosController#list as HTML
  [1m[35mPortfolio Load (0.0ms)[0m  SELECT "portfolios".* FROM "portfolios"
Rendered portfolios/list.html.erb within layouts/application (31.2ms)
Completed 200 OK in 297ms (Views: 250.0ms | ActiveRecord: 0.0ms)


Started GET "/stylesheets/img/about-brand.jpg" for 127.0.0.1 at 2011-05-04 15:13:11 +0600

ActionController::RoutingError (No route matches "/stylesheets/img/about-brand.jpg"):
  

Rendered C:/Ruby192/lib/ruby/gems/1.9.1/gems/actionpack-3.0.7/lib/action_dispatch/middleware/templates/rescues/routing_error.erb within rescues/layout (0.0ms)


Started GET "/stylesheets/img/davidoff-brandmaker-logo.jpg" for 127.0.0.1 at 2011-05-04 15:13:12 +0600

ActionController::RoutingError (No route matches "/stylesheets/img/davidoff-brandmaker-logo.jpg"):
  

Rendered C:/Ruby192/lib/ruby/gems/1.9.1/gems/actionpack-3.0.7/lib/action_dispatch/middleware/templates/rescues/routing_error.erb within rescues/layout (0.0ms)


Started GET "/stylesheets/img/about.jpg" for 127.0.0.1 at 2011-05-04 15:13:12 +0600

ActionController::RoutingError (No route matches "/stylesheets/img/about.jpg"):
  

Rendered C:/Ruby192/lib/ruby/gems/1.9.1/gems/actionpack-3.0.7/lib/action_dispatch/middleware/templates/rescues/routing_error.erb within rescues/layout (0.0ms)


Started GET "/stylesheets/img/shapka-line.jpg" for 127.0.0.1 at 2011-05-04 15:13:13 +0600

ActionController::RoutingError (No route matches "/stylesheets/img/shapka-line.jpg"):
  

Rendered C:/Ruby192/lib/ruby/gems/1.9.1/gems/actionpack-3.0.7/lib/action_dispatch/middleware/templates/rescues/routing_error.erb within rescues/layout (0.0ms)


Started GET "/stylesheets/img/portfolio.jpg" for 127.0.0.1 at 2011-05-04 15:13:13 +0600

ActionController::RoutingError (No route matches "/stylesheets/img/portfolio.jpg"):
  

Rendered C:/Ruby192/lib/ruby/gems/1.9.1/gems/actionpack-3.0.7/lib/action_dispatch/middleware/templates/rescues/routing_error.erb within rescues/layout (0.0ms)


Started GET "/stylesheets/img/forum.jpg" for 127.0.0.1 at 2011-05-04 15:13:14 +0600

ActionController::RoutingError (No route matches "/stylesheets/img/forum.jpg"):
  

Rendered C:/Ruby192/lib/ruby/gems/1.9.1/gems/actionpack-3.0.7/lib/action_dispatch/middleware/templates/rescues/routing_error.erb within rescues/layout (0.0ms)


Started GET "/stylesheets/img/expertise.jpg" for 127.0.0.1 at 2011-05-04 15:13:15 +0600

ActionController::RoutingError (No route matches "/stylesheets/img/expertise.jpg"):
  

Rendered C:/Ruby192/lib/ruby/gems/1.9.1/gems/actionpack-3.0.7/lib/action_dispatch/middleware/templates/rescues/routing_error.erb within rescues/layout (15.6ms)


Started GET "/stylesheets/img/contact.jpg" for 127.0.0.1 at 2011-05-04 15:13:15 +0600

ActionController::RoutingError (No route matches "/stylesheets/img/contact.jpg"):
  

Rendered C:/Ruby192/lib/ruby/gems/1.9.1/gems/actionpack-3.0.7/lib/action_dispatch/middleware/templates/rescues/routing_error.erb within rescues/layout (0.0ms)


Started GET "/stylesheets/img/footer-line.jpg" for 127.0.0.1 at 2011-05-04 15:13:16 +0600

ActionController::RoutingError (No route matches "/stylesheets/img/footer-line.jpg"):
  

Rendered C:/Ruby192/lib/ruby/gems/1.9.1/gems/actionpack-3.0.7/lib/action_dispatch/middleware/templates/rescues/routing_error.erb within rescues/layout (0.0ms)


Started GET "/stylesheets/img/shapka-line.jpg" for 127.0.0.1 at 2011-05-04 15:13:23 +0600

ActionController::RoutingError (No route matches "/stylesheets/img/shapka-line.jpg"):
  

Rendered C:/Ruby192/lib/ruby/gems/1.9.1/gems/actionpack-3.0.7/lib/action_dispatch/middleware/templates/rescues/routing_error.erb within rescues/layout (0.0ms)


Started GET "/stylesheets/imag/shapka-line.jpg" for 127.0.0.1 at 2011-05-04 15:13:28 +0600

ActionController::RoutingError (No route matches "/stylesheets/imag/shapka-line.jpg"):
  

Rendered C:/Ruby192/lib/ruby/gems/1.9.1/gems/actionpack-3.0.7/lib/action_dispatch/middleware/templates/rescues/routing_error.erb within rescues/layout (0.0ms)


Started GET "/stylesheets/images/shapka-line.jpg" for 127.0.0.1 at 2011-05-04 15:13:29 +0600

ActionController::RoutingError (No route matches "/stylesheets/images/shapka-line.jpg"):
  

Rendered C:/Ruby192/lib/ruby/gems/1.9.1/gems/actionpack-3.0.7/lib/action_dispatch/middleware/templates/rescues/routing_error.erb within rescues/layout (0.0ms)


Started GET "/stylesheets/images/shapka-line.jpg" for 127.0.0.1 at 2011-05-04 15:13:32 +0600

ActionController::RoutingError (No route matches "/stylesheets/images/shapka-line.jpg"):
  

Rendered C:/Ruby192/lib/ruby/gems/1.9.1/gems/actionpack-3.0.7/lib/action_dispatch/middleware/templates/rescues/routing_error.erb within rescues/layout (0.0ms)


Started GET "/stylesheets/images/shapka-line.jpg" for 127.0.0.1 at 2011-05-04 15:13:33 +0600

ActionController::RoutingError (No route matches "/stylesheets/images/shapka-line.jpg"):
  

Rendered C:/Ruby192/lib/ruby/gems/1.9.1/gems/actionpack-3.0.7/lib/action_dispatch/middleware/templates/rescues/routing_error.erb within rescues/layout (0.0ms)


Started GET "/" for 127.0.0.1 at 2011-05-04 15:14:29 +0600
  Processing by PortfoliosController#list as HTML
  [1m[36mPortfolio Load (0.0ms)[0m  [1mSELECT "portfolios".* FROM "portfolios"[0m
Rendered portfolios/list.html.erb within layouts/application (31.2ms)
Completed 200 OK in 297ms (Views: 265.6ms | ActiveRecord: 0.0ms)


Started GET "/" for 127.0.0.1 at 2011-05-04 15:14:43 +0600
  Processing by PortfoliosController#list as HTML
  [1m[35mPortfolio Load (0.0ms)[0m  SELECT "portfolios".* FROM "portfolios"
Rendered portfolios/list.html.erb within layouts/application (15.6ms)
Completed 200 OK in 312ms (Views: 281.2ms | ActiveRecord: 0.0ms)


Started GET "/" for 127.0.0.1 at 2011-05-04 15:15:24 +0600
  Processing by PortfoliosController#list as HTML
  [1m[36mPortfolio Load (0.0ms)[0m  [1mSELECT "portfolios".* FROM "portfolios"[0m
Rendered portfolios/list.html.erb within layouts/application (15.6ms)
Completed 200 OK in 359ms (Views: 312.5ms | ActiveRecord: 0.0ms)


Started GET "/portfolios/new" for 127.0.0.1 at 2011-05-04 15:15:38 +0600
  Processing by PortfoliosController#new as HTML
Rendered portfolios/_form.html.erb (15.6ms)
Rendered portfolios/new.html.erb within layouts/application (78.1ms)
Completed 200 OK in 344ms (Views: 312.5ms | ActiveRecord: 0.0ms)


Started GET "/images/medium/missing.png" for 127.0.0.1 at 2011-05-04 15:15:38 +0600

ActionController::RoutingError (No route matches "/images/medium/missing.png"):
  

Rendered C:/Ruby192/lib/ruby/gems/1.9.1/gems/actionpack-3.0.7/lib/action_dispatch/middleware/templates/rescues/routing_error.erb within rescues/layout (0.0ms)


Started GET "/images/medium/missing.png" for 127.0.0.1 at 2011-05-04 15:15:39 +0600

ActionController::RoutingError (No route matches "/images/medium/missing.png"):
  

Rendered C:/Ruby192/lib/ruby/gems/1.9.1/gems/actionpack-3.0.7/lib/action_dispatch/middleware/templates/rescues/routing_error.erb within rescues/layout (0.0ms)


Started POST "/portfolios" for 127.0.0.1 at 2011-05-04 15:15:47 +0600
  Processing by PortfoliosController#create as HTML
  Parameters: {"utf8"=>"‚úì", "authenticity_token"=>"W08t3XDMnYzTvTe9aJkTesIIn2cTppHBAiBiQHB+rXo=", "portfolio"=>{"name"=>"123", "image"=>#<ActionDispatch::Http::UploadedFile:0x1d28d08 @original_filename="4.jpg", @content_type="image/jpeg", @headers="Content-Disposition: form-data; name=\"portfolio[image]\"; filename=\"4.jpg\"\r\nContent-Type: image/jpeg\r\n", @tempfile=#<File:C:/DOCUME~1/web/LOCALS~1/Temp/RackMultipart20110504-2872-ungi4o>>}, "commit"=>"Create Portfolio"}
[paperclip] identify -format %wx%h "C:/DOCUME~1/web/LOCALS~1/Temp/stream20110504-2872-17gn6py.jpg[0]" 2>NUL
[paperclip] convert "C:/DOCUME~1/web/LOCALS~1/Temp/stream20110504-2872-17gn6py.jpg[0]" -resize "300x" -crop "300x220+0+2" +repage "C:/DOCUME~1/web/LOCALS~1/Temp/stream20110504-2872-17gn6py20110504-2872-1ctmxm6" 2>NUL
[paperclip] identify -format %wx%h "C:/DOCUME~1/web/LOCALS~1/Temp/stream20110504-2872-17gn6py.jpg[0]" 2>NUL
[paperclip] convert "C:/DOCUME~1/web/LOCALS~1/Temp/stream20110504-2872-17gn6py.jpg[0]" -resize "300x220>" "C:/DOCUME~1/web/LOCALS~1/Temp/stream20110504-2872-17gn6py20110504-2872-nl0mzh" 2>NUL
  [1m[35mAREL (0.0ms)[0m  INSERT INTO "portfolios" ("name", "created_at", "updated_at", "image_file_name", "image_content_type", "image_file_size", "image_updated_at") VALUES ('123', '2011-05-04 09:15:49.187500', '2011-05-04 09:15:49.187500', '4.jpg', 'image/jpeg', 172353, '2011-05-04 09:15:47.984375')
[paperclip] Saving attachments.
[paperclip] saving C:/temp/rails_test/dav_site/public/system/images/3/original/4.jpg
[paperclip] saving C:/temp/rails_test/dav_site/public/system/images/3/medium/4.jpg
[paperclip] saving C:/temp/rails_test/dav_site/public/system/images/3/srednee/4.jpg
Redirected to http://localhost:3000/portfolios/3
Completed 302 Found in 1516ms


Started GET "/portfolios/3" for 127.0.0.1 at 2011-05-04 15:15:49 +0600
  Processing by PortfoliosController#show as HTML
  Parameters: {"id"=>"3"}
  [1m[36mPortfolio Load (0.0ms)[0m  [1mSELECT "portfolios".* FROM "portfolios" WHERE "portfolios"."id" = 3 LIMIT 1[0m
Rendered portfolios/show.html.erb within layouts/application (15.6ms)
Completed 200 OK in 297ms (Views: 250.0ms | ActiveRecord: 0.0ms)


Started GET "/" for 127.0.0.1 at 2011-05-04 15:15:55 +0600
  Processing by PortfoliosController#list as HTML
  [1m[35mPortfolio Load (0.0ms)[0m  SELECT "portfolios".* FROM "portfolios"
Rendered portfolios/list.html.erb within layouts/application (31.2ms)
Completed 200 OK in 312ms (Views: 265.6ms | ActiveRecord: 0.0ms)


Started GET "/portfolios/new" for 127.0.0.1 at 2011-05-04 15:16:02 +0600
  Processing by PortfoliosController#new as HTML
Rendered portfolios/_form.html.erb (15.6ms)
Rendered portfolios/new.html.erb within layouts/application (78.1ms)
Completed 200 OK in 375ms (Views: 343.8ms | ActiveRecord: 0.0ms)


Started GET "/images/medium/missing.png" for 127.0.0.1 at 2011-05-04 15:16:03 +0600

ActionController::RoutingError (No route matches "/images/medium/missing.png"):
  



Started GET "/portfolios/new" for 127.0.0.1 at 2011-05-04 15:38:42 +0600
  Processing by PortfoliosController#new as HTML
Rendered portfolios/_form.html.erb (125.0ms)
Rendered portfolios/new.html.erb within layouts/application (187.5ms)
Completed 200 OK in 531ms (Views: 468.8ms | ActiveRecord: 0.0ms)


Started GET "/images/medium/missing.png" for 127.0.0.1 at 2011-05-04 15:39:04 +0600

ActionController::RoutingError (No route matches "/images/medium/missing.png"):
  

Rendered C:/Ruby192/lib/ruby/gems/1.9.1/gems/actionpack-3.0.7/lib/action_dispatch/middleware/templates/rescues/routing_error.erb within rescues/layout (15.6ms)


Started POST "/portfolios" for 127.0.0.1 at 2011-05-04 15:39:24 +0600
  Processing by PortfoliosController#create as HTML
  Parameters: {"utf8"=>"‚úì", "authenticity_token"=>"W08t3XDMnYzTvTe9aJkTesIIn2cTppHBAiBiQHB+rXo=", "portfolio"=>{"name"=>"123", "image"=>#<ActionDispatch::Http::UploadedFile:0x1babfd8 @original_filename="7.jpg", @content_type="image/jpeg", @headers="Content-Disposition: form-data; name=\"portfolio[image]\"; filename=\"7.jpg\"\r\nContent-Type: image/jpeg\r\n", @tempfile=#<File:C:/DOCUME~1/web/LOCALS~1/Temp/RackMultipart20110504-3148-134ujsz>>}, "commit"=>"Create Portfolio"}
[paperclip] identify -format %wx%h "C:/DOCUME~1/web/LOCALS~1/Temp/stream20110504-3148-11z7nm1.jpg[0]" 2>NUL
[paperclip] convert "C:/DOCUME~1/web/LOCALS~1/Temp/stream20110504-3148-11z7nm1.jpg[0]" -resize "300x" -crop "300x220+0+2" +repage "C:/DOCUME~1/web/LOCALS~1/Temp/stream20110504-3148-11z7nm120110504-3148-xdsj7k" 2>NUL
[paperclip] identify -format %wx%h "C:/DOCUME~1/web/LOCALS~1/Temp/stream20110504-3148-11z7nm1.jpg[0]" 2>NUL
[paperclip] convert "C:/DOCUME~1/web/LOCALS~1/Temp/stream20110504-3148-11z7nm1.jpg[0]" -resize "300x220>" "C:/DOCUME~1/web/LOCALS~1/Temp/stream20110504-3148-11z7nm120110504-3148-1nw7ia6" 2>NUL
  [1m[36mSQL (0.0ms)[0m  [1m SELECT name
 FROM sqlite_master
 WHERE type = 'table' AND NOT name = 'sqlite_sequence'
[0m
  [1m[35mAREL (0.0ms)[0m  INSERT INTO "portfolios" ("name", "created_at", "updated_at", "image_file_name", "image_content_type", "image_file_size", "image_updated_at") VALUES ('123', '2011-05-04 09:39:26.296875', '2011-05-04 09:39:26.296875', '7.jpg', 'image/jpeg', 150523, '2011-05-04 09:39:24.828125')
[paperclip] Saving attachments.
[paperclip] saving C:/temp/rails_test/dav_site/public/system/images/4/original/7.jpg
[paperclip] saving C:/temp/rails_test/dav_site/public/system/images/4/medium/7.jpg
[paperclip] saving C:/temp/rails_test/dav_site/public/system/images/4/srednee/7.jpg
Redirected to http://localhost:3000/portfolios/4
Completed 302 Found in 4641ms


Started GET "/portfolios/4" for 127.0.0.1 at 2011-05-04 15:39:29 +0600
  Processing by PortfoliosController#show as HTML
  Parameters: {"id"=>"4"}
  [1m[36mPortfolio Load (0.0ms)[0m  [1mSELECT "portfolios".* FROM "portfolios" WHERE "portfolios"."id" = 4 LIMIT 1[0m
Rendered portfolios/show.html.erb within layouts/application (46.9ms)
Completed 200 OK in 359ms (Views: 312.5ms | ActiveRecord: 0.0ms)


Started GET "/" for 127.0.0.1 at 2011-05-04 15:39:33 +0600
  Processing by PortfoliosController#list as HTML
  [1m[35mPortfolio Load (0.0ms)[0m  SELECT "portfolios".* FROM "portfolios"
Rendered portfolios/list.html.erb within layouts/application (31.2ms)
Completed 200 OK in 328ms (Views: 296.9ms | ActiveRecord: 0.0ms)


Started GET "/" for 127.0.0.1 at 2011-05-04 16:17:31 +0600
  Processing by PortfoliosController#list as HTML
  [1m[36mPortfolio Load (0.0ms)[0m  [1mSELECT "portfolios".* FROM "portfolios"[0m
Rendered portfolios/list.html.erb within layouts/application (31.2ms)
Completed 200 OK in 391ms (Views: 312.5ms | ActiveRecord: 0.0ms)


Started GET "/" for 127.0.0.1 at 2011-05-04 16:26:25 +0600
  Processing by PortfoliosController#list as HTML
  [1m[35mPortfolio Load (0.0ms)[0m  SELECT "portfolios".* FROM "portfolios"
Rendered portfolios/list.html.erb within layouts/application (31.2ms)
Completed 200 OK in 359ms (Views: 265.6ms | ActiveRecord: 0.0ms)


Started GET "/portfolios/new" for 127.0.0.1 at 2011-05-04 16:26:32 +0600
  Processing by PortfoliosController#new as HTML
Rendered portfolios/_form.html.erb (15.6ms)
Rendered portfolios/new.html.erb within layouts/application (125.0ms)
Completed 200 OK in 469ms (Views: 390.6ms | ActiveRecord: 0.0ms)


Started GET "/images/medium/missing.png" for 127.0.0.1 at 2011-05-04 16:26:33 +0600

ActionController::RoutingError (No route matches "/images/medium/missing.png"):
  

Rendered C:/Ruby192/lib/ruby/gems/1.9.1/gems/actionpack-3.0.7/lib/action_dispatch/middleware/templates/rescues/routing_error.erb within rescues/layout (15.6ms)


Started GET "/images/medium/missing.png" for 127.0.0.1 at 2011-05-04 16:26:33 +0600

ActionController::RoutingError (No route matches "/images/medium/missing.png"):
  

Rendered C:/Ruby192/lib/ruby/gems/1.9.1/gems/actionpack-3.0.7/lib/action_dispatch/middleware/templates/rescues/routing_error.erb within rescues/layout (0.0ms)


Started GET "/" for 127.0.0.1 at 2011-05-04 16:35:07 +0600
  Processing by PortfoliosController#list as HTML
  [1m[36mPortfolio Load (0.0ms)[0m  [1mSELECT "portfolios".* FROM "portfolios"[0m
Rendered portfolios/list.html.erb within layouts/application (62.5ms)
Completed 200 OK in 328ms (Views: 296.9ms | ActiveRecord: 0.0ms)


Started GET "/" for 127.0.0.1 at 2011-05-04 16:36:50 +0600
  Processing by PortfoliosController#list as HTML
  [1m[35mPortfolio Load (0.0ms)[0m  SELECT "portfolios".* FROM "portfolios"
Rendered portfolios/list.html.erb within layouts/application (62.5ms)
Completed 200 OK in 344ms (Views: 312.5ms | ActiveRecord: 0.0ms)


Started GET "/" for 127.0.0.1 at 2011-05-04 16:37:48 +0600
  Processing by PortfoliosController#list as HTML
  [1m[36mPortfolio Load (0.0ms)[0m  [1mSELECT "portfolios".* FROM "portfolios"[0m
Rendered portfolios/list.html.erb within layouts/application (343.8ms)
Completed   in 641ms

ActionView::Template::Error (undefined method `image_name' for #<Portfolio:0x1cdaa68>):
    3: 
    4: <% @portfolios.each do |portfolio| %>
    5: 
    6:     <%= image_tag portfolio.image.url(:medium), :longdesc => portfolio.image.url, :alt => portfolio.image_name %>
    7: 
    8: <% end %>
    9: </div>
  app/views/portfolios/list.html.erb:6:in `block in _app_views_portfolios_list_html_erb__858397258_15107964_348881703'
  app/views/portfolios/list.html.erb:4:in `each'
  app/views/portfolios/list.html.erb:4:in `_app_views_portfolios_list_html_erb__858397258_15107964_348881703'
  app/controllers/portfolios_controller.rb:16:in `list'

Rendered C:/Ruby192/lib/ruby/gems/1.9.1/gems/actionpack-3.0.7/lib/action_dispatch/middleware/templates/rescues/_trace.erb (0.0ms)
Rendered C:/Ruby192/lib/ruby/gems/1.9.1/gems/actionpack-3.0.7/lib/action_dispatch/middleware/templates/rescues/_request_and_response.erb (0.0ms)
Rendered C:/Ruby192/lib/ruby/gems/1.9.1/gems/actionpack-3.0.7/lib/action_dispatch/middleware/templates/rescues/template_error.erb within rescues/layout (218.8ms)


Started GET "/" for 127.0.0.1 at 2011-05-04 16:38:22 +0600
  Processing by PortfoliosController#list as HTML
  [1m[35mPortfolio Load (0.0ms)[0m  SELECT "portfolios".* FROM "portfolios"
Rendered portfolios/list.html.erb within layouts/application (31.2ms)
Completed 200 OK in 328ms (Views: 265.6ms | ActiveRecord: 0.0ms)


Started GET "/" for 127.0.0.1 at 2011-05-04 16:38:51 +0600
  Processing by PortfoliosController#list as HTML
  [1m[36mPortfolio Load (0.0ms)[0m  [1mSELECT "portfolios".* FROM "portfolios"[0m
Rendered portfolios/list.html.erb within layouts/application (31.2ms)
Completed 200 OK in 312ms (Views: 281.2ms | ActiveRecord: 0.0ms)
  [1m[36mSQL (0.0ms)[0m  [1m SELECT name
 FROM sqlite_master
 WHERE type = 'table' AND NOT name = 'sqlite_sequence'
[0m
  [1m[35mSQL (0.0ms)[0m   SELECT name
 FROM sqlite_master
 WHERE type = 'table' AND NOT name = 'sqlite_sequence'
  [1m[36mSQL (0.0ms)[0m  [1mSELECT "schema_migrations"."version" FROM "schema_migrations"[0m
Migrating to CreatePortfolios (20110504073103)
Migrating to AddImageToProjects (20110504075107)
Migrating to CreateExpertises (20110504105244)
  [1m[35mSQL (15.6ms)[0m  select sqlite_version(*)
  [1m[36mSQL (0.0ms)[0m  [1mCREATE TABLE "expertises" ("id" INTEGER PRIMARY KEY AUTOINCREMENT NOT NULL, "name" varchar(255), "content" text, "created_at" datetime, "updated_at" datetime) [0m
  [1m[35mSQL (0.0ms)[0m  INSERT INTO "schema_migrations" ("version") VALUES ('20110504105244')
  [1m[36mSQL (0.0ms)[0m  [1m SELECT name
 FROM sqlite_master
 WHERE type = 'table' AND NOT name = 'sqlite_sequence'
[0m
  [1m[35mSQL (0.0ms)[0m  SELECT "schema_migrations"."version" FROM "schema_migrations"
  [1m[36mSQL (0.0ms)[0m  [1m SELECT name
 FROM sqlite_master
 WHERE type = 'table' AND NOT name = 'sqlite_sequence'
[0m
  [1m[35mSQL (0.0ms)[0m  PRAGMA index_list("expertises")
  [1m[36mSQL (0.0ms)[0m  [1mPRAGMA index_list("portfolios")[0m


Started GET "/" for 127.0.0.1 at 2011-05-04 16:57:14 +0600
  Processing by PortfoliosController#list as HTML
  [1m[35mPortfolio Load (0.0ms)[0m  SELECT "portfolios".* FROM "portfolios"
Rendered portfolios/list.html.erb within layouts/application (31.2ms)
Completed   in 312ms

ActionView::Template::Error (No route matches {:controller=>"portfolio", :action=>"list"}):
    32: 	<div id="red-corn"></div>
    33: 	<br/>
    34: 	<p>–ê–≥–µ–Ω—Ç—Å—Ç–≤–æ &#171;Davidoff Brandmaker&#187; &copy; 2009</p>
    35: 		<%= link_to "–í—ç–± —Å–∞–π—Ç—ã", :controller => "portfolio", :action => "list" %>
    36: 		<a href="index2.html">2 —Å—Ç—Ä–∞–Ω–∏—Ü–∞</a>
    37: 		<a href="index3.html">3 —Å—Ç—Ä–∞–Ω–∏—Ü–∞</a>
    38: 	</div>
  app/views/layouts/application.html.erb:35:in `_app_views_layouts_application_html_erb__184118119_14368680_348881703'
  app/controllers/portfolios_controller.rb:16:in `list'

Rendered C:/Ruby192/lib/ruby/gems/1.9.1/gems/actionpack-3.0.7/lib/action_dispatch/middleware/templates/rescues/_trace.erb (0.0ms)
Rendered C:/Ruby192/lib/ruby/gems/1.9.1/gems/actionpack-3.0.7/lib/action_dispatch/middleware/templates/rescues/_request_and_response.erb (46.9ms)
Rendered C:/Ruby192/lib/ruby/gems/1.9.1/gems/actionpack-3.0.7/lib/action_dispatch/middleware/templates/rescues/template_error.erb within rescues/layout (218.8ms)


Started GET "/" for 127.0.0.1 at 2011-05-04 16:58:07 +0600
  Processing by PortfoliosController#list as HTML
  [1m[36mPortfolio Load (0.0ms)[0m  [1mSELECT "portfolios".* FROM "portfolios"[0m
Rendered portfolios/list.html.erb within layouts/application (31.2ms)
Completed 200 OK in 328ms (Views: 281.2ms | ActiveRecord: 0.0ms)


Started GET "/portfolios/new" for 127.0.0.1 at 2011-05-04 16:58:17 +0600
  Processing by PortfoliosController#new as HTML
Rendered portfolios/_form.html.erb (15.6ms)
Rendered portfolios/new.html.erb within layouts/application (78.1ms)
Completed 200 OK in 375ms (Views: 312.5ms | ActiveRecord: 0.0ms)


Started GET "/images/medium/missing.png" for 127.0.0.1 at 2011-05-04 16:58:18 +0600

ActionController::RoutingError (No route matches "/images/medium/missing.png"):
  

Rendered C:/Ruby192/lib/ruby/gems/1.9.1/gems/actionpack-3.0.7/lib/action_dispatch/middleware/templates/rescues/routing_error.erb within rescues/layout (0.0ms)


Started GET "/images/medium/missing.png" for 127.0.0.1 at 2011-05-04 16:58:19 +0600

ActionController::RoutingError (No route matches "/images/medium/missing.png"):
  

Rendered C:/Ruby192/lib/ruby/gems/1.9.1/gems/actionpack-3.0.7/lib/action_dispatch/middleware/templates/rescues/routing_error.erb within rescues/layout (0.0ms)


Started GET "/" for 127.0.0.1 at 2011-05-04 16:58:31 +0600
  Processing by PortfoliosController#list as HTML
  [1m[35mPortfolio Load (0.0ms)[0m  SELECT "portfolios".* FROM "portfolios"
Rendered portfolios/list.html.erb within layouts/application (46.9ms)
Completed 200 OK in 312ms (Views: 281.2ms | ActiveRecord: 0.0ms)


Started GET "/" for 127.0.0.1 at 2011-05-04 16:59:20 +0600
  Processing by PortfoliosController#list as HTML
  [1m[36mPortfolio Load (0.0ms)[0m  [1mSELECT "portfolios".* FROM "portfolios"[0m
Rendered portfolios/list.html.erb within layouts/application (31.2ms)
Completed 200 OK in 328ms (Views: 296.9ms | ActiveRecord: 0.0ms)


Started GET "/expertises" for 127.0.0.1 at 2011-05-04 16:59:24 +0600
  Processing by ExpertisesController#index as HTML
  [1m[35mExpertise Load (0.0ms)[0m  SELECT "expertises".* FROM "expertises"
Rendered expertises/index.html.erb within layouts/application (15.6ms)
Completed 200 OK in 328ms (Views: 281.2ms | ActiveRecord: 0.0ms)


Started GET "/expertises/new" for 127.0.0.1 at 2011-05-04 16:59:30 +0600
  Processing by ExpertisesController#new as HTML
Rendered expertises/_form.html.erb (0.0ms)
Rendered expertises/new.html.erb within layouts/application (78.1ms)
Completed 200 OK in 359ms (Views: 328.1ms | ActiveRecord: 0.0ms)
  [1m[36mSQL (0.0ms)[0m  [1m SELECT name
 FROM sqlite_master
 WHERE type = 'table' AND NOT name = 'sqlite_sequence'
[0m
  [1m[35mSQL (0.0ms)[0m   SELECT name
 FROM sqlite_master
 WHERE type = 'table' AND NOT name = 'sqlite_sequence'
  [1m[36mSQL (0.0ms)[0m  [1mSELECT "schema_migrations"."version" FROM "schema_migrations"[0m
Migrating to CreatePortfolios (20110504073103)
Migrating to AddImageToProjects (20110504075107)
Migrating to CreateExpertises (20110504105244)
Migrating to CreateComments (20110504110426)
  [1m[35mSQL (0.0ms)[0m  select sqlite_version(*)
  [1m[36mSQL (15.6ms)[0m  [1mCREATE TABLE "comments" ("id" INTEGER PRIMARY KEY AUTOINCREMENT NOT NULL, "commenter" varchar(255), "body" text, "expertise_id" integer, "created_at" datetime, "updated_at" datetime) [0m
  [1m[35mSQL (0.0ms)[0m  INSERT INTO "schema_migrations" ("version") VALUES ('20110504110426')
  [1m[36mSQL (0.0ms)[0m  [1m SELECT name
 FROM sqlite_master
 WHERE type = 'table' AND NOT name = 'sqlite_sequence'
[0m
  [1m[35mSQL (0.0ms)[0m  SELECT "schema_migrations"."version" FROM "schema_migrations"
  [1m[36mSQL (0.0ms)[0m  [1m SELECT name
 FROM sqlite_master
 WHERE type = 'table' AND NOT name = 'sqlite_sequence'
[0m
  [1m[35mSQL (0.0ms)[0m  PRAGMA index_list("comments")
  [1m[36mSQL (0.0ms)[0m  [1mPRAGMA index_list("expertises")[0m
  [1m[35mSQL (0.0ms)[0m  PRAGMA index_list("portfolios")


Started GET "/expertises" for 127.0.0.1 at 2011-05-04 17:22:45 +0600
  Processing by ExpertisesController#index as HTML
  [1m[36mExpertise Load (0.0ms)[0m  [1mSELECT "expertises".* FROM "expertises"[0m
Rendered expertises/index.html.erb within layouts/application (15.6ms)
Completed 200 OK in 2016ms (Views: 250.0ms | ActiveRecord: 0.0ms)


Started GET "/expertises/new" for 127.0.0.1 at 2011-05-04 17:22:50 +0600
  Processing by ExpertisesController#new as HTML
Rendered expertises/_form.html.erb (0.0ms)
Rendered expertises/new.html.erb within layouts/application (78.1ms)
Completed 200 OK in 391ms (Views: 328.1ms | ActiveRecord: 0.0ms)


Started POST "/expertises" for 127.0.0.1 at 2011-05-04 17:22:56 +0600
  Processing by ExpertisesController#create as HTML
  Parameters: {"utf8"=>"‚úì", "authenticity_token"=>"W08t3XDMnYzTvTe9aJkTesIIn2cTppHBAiBiQHB+rXo=", "expertise"=>{"name"=>"asdas", "content"=>"12312"}, "commit"=>"Create Expertise"}
  [1m[35mSQL (0.0ms)[0m   SELECT name
 FROM sqlite_master
 WHERE type = 'table' AND NOT name = 'sqlite_sequence'
  [1m[36mAREL (0.0ms)[0m  [1mINSERT INTO "expertises" ("name", "content", "created_at", "updated_at") VALUES ('asdas', '12312', '2011-05-04 11:22:57.062500', '2011-05-04 11:22:57.062500')[0m
Redirected to http://localhost:3000/expertises/1
Completed 302 Found in 125ms


Started GET "/expertises/1" for 127.0.0.1 at 2011-05-04 17:22:57 +0600
  Processing by ExpertisesController#show as HTML
  Parameters: {"id"=>"1"}
  [1m[35mSQL (0.0ms)[0m   SELECT name
 FROM sqlite_master
 WHERE type = 'table' AND NOT name = 'sqlite_sequence'
  [1m[36mExpertise Load (0.0ms)[0m  [1mSELECT "expertises".* FROM "expertises" WHERE "expertises"."id" = 1 LIMIT 1[0m
Rendered expertises/show.html.erb within layouts/application (15.6ms)
Completed   in 297ms

ActionView::Template::Error (undefined method `comments' for nil:NilClass):
    10:   <%= @expertise.content %>
    11: </p>
    12: <h2>–ö–æ–º–º–µ–Ω—Ç–∞—Ä–∏–∏:</h2>
    13:   <% @post.comments.each do |comment| %>
    14: 	  <p> <b>–ò–º—è:</b> <%= comment.commenter %> </p>
    15: 	  <p> <b>–ö–æ–º–º–µ–Ω—Ç–∞—Ä–∏–π:</b> <%= comment.body %> </p> 
    16:   <% end %>
  app/views/expertises/show.html.erb:13:in `_app_views_expertises_show_html_erb___553342935_14780760_348881703'
  app/controllers/expertises_controller.rb:18:in `show'

Rendered C:/Ruby192/lib/ruby/gems/1.9.1/gems/actionpack-3.0.7/lib/action_dispatch/middleware/templates/rescues/_trace.erb (0.0ms)
Rendered C:/Ruby192/lib/ruby/gems/1.9.1/gems/actionpack-3.0.7/lib/action_dispatch/middleware/templates/rescues/_request_and_response.erb (15.6ms)
Rendered C:/Ruby192/lib/ruby/gems/1.9.1/gems/actionpack-3.0.7/lib/action_dispatch/middleware/templates/rescues/template_error.erb within rescues/layout (187.5ms)


Started GET "/expertises/1" for 127.0.0.1 at 2011-05-04 17:23:19 +0600
  Processing by ExpertisesController#show as HTML
  Parameters: {"id"=>"1"}
  [1m[35mSQL (0.0ms)[0m   SELECT name
 FROM sqlite_master
 WHERE type = 'table' AND NOT name = 'sqlite_sequence'
  [1m[36mExpertise Load (0.0ms)[0m  [1mSELECT "expertises".* FROM "expertises" WHERE "expertises"."id" = 1 LIMIT 1[0m
  [1m[35mComment Load (0.0ms)[0m  SELECT "comments".* FROM "comments" WHERE ("comments".expertise_id = 1)
Rendered expertises/show.html.erb within layouts/application (296.9ms)
Completed 200 OK in 562ms (Views: 531.2ms | ActiveRecord: 0.0ms)


Started POST "/expertises/1/comments" for 127.0.0.1 at 2011-05-04 17:24:50 +0600
  Processing by CommentsController#create as HTML
  Parameters: {"utf8"=>"‚úì", "authenticity_token"=>"W08t3XDMnYzTvTe9aJkTesIIn2cTppHBAiBiQHB+rXo=", "comment"=>{"commenter"=>"asdas", "body"=>"asdasd"}, "commit"=>"Create Comment", "expertise_id"=>"1"}
  [1m[36mSQL (0.0ms)[0m  [1m SELECT name
 FROM sqlite_master
 WHERE type = 'table' AND NOT name = 'sqlite_sequence'
[0m
  [1m[35mExpertise Load (0.0ms)[0m  SELECT "expertises".* FROM "expertises" WHERE "expertises"."id" = 1 LIMIT 1
  [1m[36mSQL (0.0ms)[0m  [1m SELECT name
 FROM sqlite_master
 WHERE type = 'table' AND NOT name = 'sqlite_sequence'
[0m
  [1m[35mAREL (0.0ms)[0m  INSERT INTO "comments" ("commenter", "body", "expertise_id", "created_at", "updated_at") VALUES ('asdas', 'asdasd', 1, '2011-05-04 11:24:51.265625', '2011-05-04 11:24:51.265625')
Redirected to http://localhost:3000/expertises/1
Completed 302 Found in 266ms


Started GET "/expertises/1" for 127.0.0.1 at 2011-05-04 17:24:51 +0600
  Processing by ExpertisesController#show as HTML
  Parameters: {"id"=>"1"}
  [1m[36mSQL (0.0ms)[0m  [1m SELECT name
 FROM sqlite_master
 WHERE type = 'table' AND NOT name = 'sqlite_sequence'
[0m
  [1m[35mExpertise Load (0.0ms)[0m  SELECT "expertises".* FROM "expertises" WHERE "expertises"."id" = 1 LIMIT 1
  [1m[36mComment Load (0.0ms)[0m  [1mSELECT "comments".* FROM "comments" WHERE ("comments".expertise_id = 1)[0m
Rendered expertises/show.html.erb within layouts/application (93.8ms)
Completed 200 OK in 500ms (Views: 406.2ms | ActiveRecord: 0.0ms)
  [1m[36mSQL (0.0ms)[0m  [1m SELECT name
 FROM sqlite_master
 WHERE type = 'table' AND NOT name = 'sqlite_sequence'
[0m
  [1m[35mSQL (0.0ms)[0m   SELECT name
 FROM sqlite_master
 WHERE type = 'table' AND NOT name = 'sqlite_sequence'
  [1m[36mSQL (0.0ms)[0m  [1mSELECT "schema_migrations"."version" FROM "schema_migrations"[0m
Migrating to CreatePortfolios (20110504073103)
Migrating to AddImageToProjects (20110504075107)
Migrating to CreateExpertises (20110504105244)
Migrating to CreateComments (20110504110426)
Migrating to AddImageToExpertises (20110504112619)
  [1m[35mSQL (0.0ms)[0m  select sqlite_version(*)
  [1m[36mSQL (0.0ms)[0m  [1mALTER TABLE "expertises" ADD "image_file_name" varchar(255)[0m
  [1m[35mSQL (0.0ms)[0m  ALTER TABLE "expertises" ADD "image_content_type" varchar(255)
  [1m[36mSQL (0.0ms)[0m  [1mALTER TABLE "expertises" ADD "image_file_size" varchar(255)[0m
  [1m[35mSQL (0.0ms)[0m  ALTER TABLE "expertises" ADD "image_updated_at" varchar(255)
  [1m[36mSQL (0.0ms)[0m  [1mINSERT INTO "schema_migrations" ("version") VALUES ('20110504112619')[0m
  [1m[35mSQL (0.0ms)[0m   SELECT name
 FROM sqlite_master
 WHERE type = 'table' AND NOT name = 'sqlite_sequence'
  [1m[36mSQL (0.0ms)[0m  [1mSELECT "schema_migrations"."version" FROM "schema_migrations"[0m
  [1m[35mSQL (0.0ms)[0m   SELECT name
 FROM sqlite_master
 WHERE type = 'table' AND NOT name = 'sqlite_sequence'
  [1m[36mSQL (0.0ms)[0m  [1mPRAGMA index_list("comments")[0m
  [1m[35mSQL (0.0ms)[0m  PRAGMA index_list("expertises")
  [1m[36mSQL (0.0ms)[0m  [1mPRAGMA index_list("portfolios")[0m


Started GET "/expertises/1" for 127.0.0.1 at 2011-05-04 17:40:39 +0600
  Processing by ExpertisesController#show as HTML
  Parameters: {"id"=>"1"}
  [1m[35mSQL (0.0ms)[0m   SELECT name
 FROM sqlite_master
 WHERE type = 'table' AND NOT name = 'sqlite_sequence'
  [1m[36mExpertise Load (0.0ms)[0m  [1mSELECT "expertises".* FROM "expertises" WHERE "expertises"."id" = 1 LIMIT 1[0m
Rendered expertises/show.html.erb within layouts/application (78.1ms)
Completed   in 375ms

ActionView::Template::Error (undefined method `image?' for nil:NilClass):
    4:   <b>Name:</b>
    5:   <%= @expertise.name %>
    6: </p>
    7: <% if @portfolio.image? %>
    8:   <%= image_tag @portfolio.image.url(:medium) %>
    9:   <br />
    10: <% end %>
  app/views/expertises/show.html.erb:7:in `_app_views_expertises_show_html_erb___553342935_14307252_348881703'
  app/controllers/expertises_controller.rb:18:in `show'

Rendered C:/Ruby192/lib/ruby/gems/1.9.1/gems/actionpack-3.0.7/lib/action_dispatch/middleware/templates/rescues/_trace.erb (0.0ms)
Rendered C:/Ruby192/lib/ruby/gems/1.9.1/gems/actionpack-3.0.7/lib/action_dispatch/middleware/templates/rescues/_request_and_response.erb (0.0ms)
Rendered C:/Ruby192/lib/ruby/gems/1.9.1/gems/actionpack-3.0.7/lib/action_dispatch/middleware/templates/rescues/template_error.erb within rescues/layout (187.5ms)


Started GET "/expertises/1" for 127.0.0.1 at 2011-05-04 17:41:05 +0600
  Processing by ExpertisesController#show as HTML
  Parameters: {"id"=>"1"}
  [1m[35mSQL (0.0ms)[0m   SELECT name
 FROM sqlite_master
 WHERE type = 'table' AND NOT name = 'sqlite_sequence'
  [1m[36mExpertise Load (0.0ms)[0m  [1mSELECT "expertises".* FROM "expertises" WHERE "expertises"."id" = 1 LIMIT 1[0m
  [1m[35mComment Load (0.0ms)[0m  SELECT "comments".* FROM "comments" WHERE ("comments".expertise_id = 1)
Rendered expertises/show.html.erb within layouts/application (125.0ms)
Completed 200 OK in 406ms (Views: 375.0ms | ActiveRecord: 0.0ms)


Started GET "/expertises/1/edit" for 127.0.0.1 at 2011-05-04 17:41:10 +0600
  Processing by ExpertisesController#edit as HTML
  Parameters: {"id"=>"1"}
  [1m[36mSQL (15.6ms)[0m  [1m SELECT name
 FROM sqlite_master
 WHERE type = 'table' AND NOT name = 'sqlite_sequence'
[0m
  [1m[35mExpertise Load (0.0ms)[0m  SELECT "expertises".* FROM "expertises" WHERE "expertises"."id" = 1 LIMIT 1
Rendered expertises/_form.html.erb (31.2ms)
Rendered expertises/edit.html.erb within layouts/application (78.1ms)
Completed   in 422ms

ActionView::Template::Error (undefined method `image' for nil:NilClass):
    21:     <%= f.text_area :content %>
    22:   </div>
    23:   <div class="image">
    24:     <%= image_tag @portfolio.image.url(:medium) %>
    25:     <br />
    26:     <br />
    27:     <div class="field">
  app/views/expertises/_form.html.erb:24:in `block in _app_views_expertises__form_html_erb___640062506_14829420_1050911946'
  app/views/expertises/_form.html.erb:2:in `_app_views_expertises__form_html_erb___640062506_14829420_1050911946'
  app/views/expertises/edit.html.erb:3:in `_app_views_expertises_edit_html_erb__159025098_14842956_348881703'

Rendered C:/Ruby192/lib/ruby/gems/1.9.1/gems/actionpack-3.0.7/lib/action_dispatch/middleware/templates/rescues/_trace.erb (0.0ms)
Rendered C:/Ruby192/lib/ruby/gems/1.9.1/gems/actionpack-3.0.7/lib/action_dispatch/middleware/templates/rescues/_request_and_response.erb (0.0ms)
Rendered C:/Ruby192/lib/ruby/gems/1.9.1/gems/actionpack-3.0.7/lib/action_dispatch/middleware/templates/rescues/template_error.erb within rescues/layout (171.9ms)


Started GET "/expertises/1/edit" for 127.0.0.1 at 2011-05-04 17:41:30 +0600
  Processing by ExpertisesController#edit as HTML
  Parameters: {"id"=>"1"}
  [1m[36mSQL (0.0ms)[0m  [1m SELECT name
 FROM sqlite_master
 WHERE type = 'table' AND NOT name = 'sqlite_sequence'
[0m
  [1m[35mExpertise Load (0.0ms)[0m  SELECT "expertises".* FROM "expertises" WHERE "expertises"."id" = 1 LIMIT 1
Rendered expertises/_form.html.erb (31.2ms)
Rendered expertises/edit.html.erb within layouts/application (93.8ms)
Completed 200 OK in 391ms (Views: 359.4ms | ActiveRecord: 0.0ms)


Started GET "/images/medium/missing.png" for 127.0.0.1 at 2011-05-04 17:41:31 +0600

ActionController::RoutingError (No route matches "/images/medium/missing.png"):
  

Rendered C:/Ruby192/lib/ruby/gems/1.9.1/gems/actionpack-3.0.7/lib/action_dispatch/middleware/templates/rescues/routing_error.erb within rescues/layout (0.0ms)


Started POST "/expertises/1" for 127.0.0.1 at 2011-05-04 17:41:56 +0600
  Processing by ExpertisesController#update as HTML
  Parameters: {"utf8"=>"‚úì", "authenticity_token"=>"W08t3XDMnYzTvTe9aJkTesIIn2cTppHBAiBiQHB+rXo=", "expertise"=>{"name"=>"–¢–µ—Å—Ç —ç–∫—Å–ø–µ—Ä—Ç", "content"=>"—Ç–µ–∫—Å—Ç —Ç–µ–∫—Å—Ç —Ç–µ–∫—Å—Ç", "image"=>#<ActionDispatch::Http::UploadedFile:0x1b6cf18 @original_filename="1.jpg", @content_type="image/jpeg", @headers="Content-Disposition: form-data; name=\"expertise[image]\"; filename=\"1.jpg\"\r\nContent-Type: image/jpeg\r\n", @tempfile=#<File:C:/DOCUME~1/web/LOCALS~1/Temp/RackMultipart20110504-3148-3lyesu>>}, "commit"=>"Update Expertise", "id"=>"1"}
  [1m[36mSQL (0.0ms)[0m  [1m SELECT name
 FROM sqlite_master
 WHERE type = 'table' AND NOT name = 'sqlite_sequence'
[0m
  [1m[35mExpertise Load (0.0ms)[0m  SELECT "expertises".* FROM "expertises" WHERE "expertises"."id" = 1 LIMIT 1
[paperclip] identify -format %wx%h "C:/DOCUME~1/web/LOCALS~1/Temp/stream20110504-3148-kxgn3f.jpg[0]" 2>NUL
[paperclip] convert "C:/DOCUME~1/web/LOCALS~1/Temp/stream20110504-3148-kxgn3f.jpg[0]" -resize "300x" -crop "300x220+0+2" +repage "C:/DOCUME~1/web/LOCALS~1/Temp/stream20110504-3148-kxgn3f20110504-3148-4akcpj" 2>NUL
[paperclip] identify -format %wx%h "C:/DOCUME~1/web/LOCALS~1/Temp/stream20110504-3148-kxgn3f.jpg[0]" 2>NUL
[paperclip] convert "C:/DOCUME~1/web/LOCALS~1/Temp/stream20110504-3148-kxgn3f.jpg[0]" -resize "600x300>" "C:/DOCUME~1/web/LOCALS~1/Temp/stream20110504-3148-kxgn3f20110504-3148-q9ma15" 2>NUL
  [1m[36mAREL (0.0ms)[0m  [1mUPDATE "expertises" SET "name" = '–¢–µ—Å—Ç —ç–∫—Å–ø–µ—Ä—Ç', "content" = '—Ç–µ–∫—Å—Ç —Ç–µ–∫—Å—Ç —Ç–µ–∫—Å—Ç', "image_file_name" = '1.jpg', "image_content_type" = 'image/jpeg', "image_file_size" = 146127, "image_updated_at" = '2011-05-04 11:41:56.859375', "updated_at" = '2011-05-04 11:41:57.828125' WHERE "expertises"."id" = 1[0m
[paperclip] Saving attachments.
[paperclip] saving C:/temp/rails_test/dav_site/public/system/images/1/original/1.jpg
[paperclip] saving C:/temp/rails_test/dav_site/public/system/images/1/medium/1.jpg
[paperclip] saving C:/temp/rails_test/dav_site/public/system/images/1/large/1.jpg
Redirected to http://localhost:3000/expertises/1
Completed 302 Found in 1391ms


Started GET "/expertises/1" for 127.0.0.1 at 2011-05-04 17:41:58 +0600
  Processing by ExpertisesController#show as HTML
  Parameters: {"id"=>"1"}
  [1m[35mSQL (0.0ms)[0m   SELECT name
 FROM sqlite_master
 WHERE type = 'table' AND NOT name = 'sqlite_sequence'
  [1m[36mExpertise Load (0.0ms)[0m  [1mSELECT "expertises".* FROM "expertises" WHERE "expertises"."id" = 1 LIMIT 1[0m
  [1m[35mComment Load (0.0ms)[0m  SELECT "comments".* FROM "comments" WHERE ("comments".expertise_id = 1)
Rendered expertises/show.html.erb within layouts/application (78.1ms)
Completed 200 OK in 406ms (Views: 312.5ms | ActiveRecord: 0.0ms)


Started POST "/expertises/1/comments" for 127.0.0.1 at 2011-05-04 17:42:25 +0600
  Processing by CommentsController#create as HTML
  Parameters: {"utf8"=>"‚úì", "authenticity_token"=>"W08t3XDMnYzTvTe9aJkTesIIn2cTppHBAiBiQHB+rXo=", "comment"=>{"commenter"=>"—Ä–æ–º–∞", "body"=>"—Ç–µ—Å—Ç –∫–æ–º–º–µ–Ω—Ç"}, "commit"=>"Create Comment", "expertise_id"=>"1"}
  [1m[36mSQL (0.0ms)[0m  [1m SELECT name
 FROM sqlite_master
 WHERE type = 'table' AND NOT name = 'sqlite_sequence'
[0m
  [1m[35mExpertise Load (0.0ms)[0m  SELECT "expertises".* FROM "expertises" WHERE "expertises"."id" = 1 LIMIT 1
  [1m[36mSQL (0.0ms)[0m  [1m SELECT name
 FROM sqlite_master
 WHERE type = 'table' AND NOT name = 'sqlite_sequence'
[0m
  [1m[35mAREL (15.6ms)[0m  INSERT INTO "comments" ("commenter", "body", "expertise_id", "created_at", "updated_at") VALUES ('—Ä–æ–º–∞', '—Ç–µ—Å—Ç –∫–æ–º–º–µ–Ω—Ç', 1, '2011-05-04 11:42:26.140625', '2011-05-04 11:42:26.140625')
Redirected to http://localhost:3000/expertises/1
Completed 302 Found in 234ms


Started GET "/expertises/1" for 127.0.0.1 at 2011-05-04 17:42:26 +0600
  Processing by ExpertisesController#show as HTML
  Parameters: {"id"=>"1"}
  [1m[36mSQL (0.0ms)[0m  [1m SELECT name
 FROM sqlite_master
 WHERE type = 'table' AND NOT name = 'sqlite_sequence'
[0m
  [1m[35mExpertise Load (0.0ms)[0m  SELECT "expertises".* FROM "expertises" WHERE "expertises"."id" = 1 LIMIT 1
  [1m[36mComment Load (0.0ms)[0m  [1mSELECT "comments".* FROM "comments" WHERE ("comments".expertise_id = 1)[0m
Rendered expertises/show.html.erb within layouts/application (125.0ms)
Completed 200 OK in 406ms (Views: 359.4ms | ActiveRecord: 0.0ms)
